Using pre-set license
Built from '2021.3/staging' branch; Version is '2021.3.16f1 (4016570cf34f) revision 4200023'; Using compiler version '192829333'; Build Type 'Release'
OS: 'Windows 10  (10.0.19045) 64bit Core' Language: 'en' Physical Memory: 16249 MB
BatchMode: 1, IsHumanControllingUs: 0, StartBugReporterOnCrash: 0, Is64bit: 1, IsPro: 1

COMMAND LINE ARGUMENTS:
C:\Program Files\Unity\Hub\Editor\2021.3.16f1\Editor\Unity.exe
-adb2
-batchMode
-noUpm
-name
AssetImportWorker0
-projectPath
C:/Users/tegel/Documents/GitHub/Workshop1/My project
-logFile
Logs/AssetImportWorker0.log
-srvPort
49631
Successfully changed project path to: C:/Users/tegel/Documents/GitHub/Workshop1/My project
C:/Users/tegel/Documents/GitHub/Workshop1/My project
[UnityMemory] Configuration Parameters - Can be set up in boot.config
    "memorysetup-bucket-allocator-granularity=16"
    "memorysetup-bucket-allocator-bucket-count=8"
    "memorysetup-bucket-allocator-block-size=33554432"
    "memorysetup-bucket-allocator-block-count=8"
    "memorysetup-main-allocator-block-size=16777216"
    "memorysetup-thread-allocator-block-size=16777216"
    "memorysetup-gfx-main-allocator-block-size=16777216"
    "memorysetup-gfx-thread-allocator-block-size=16777216"
    "memorysetup-cache-allocator-block-size=4194304"
    "memorysetup-typetree-allocator-block-size=2097152"
    "memorysetup-profiler-bucket-allocator-granularity=16"
    "memorysetup-profiler-bucket-allocator-bucket-count=8"
    "memorysetup-profiler-bucket-allocator-block-size=33554432"
    "memorysetup-profiler-bucket-allocator-block-count=8"
    "memorysetup-profiler-allocator-block-size=16777216"
    "memorysetup-profiler-editor-allocator-block-size=1048576"
    "memorysetup-temp-allocator-size-main=16777216"
    "memorysetup-job-temp-allocator-block-size=2097152"
    "memorysetup-job-temp-allocator-block-size-background=1048576"
    "memorysetup-job-temp-allocator-reduction-small-platforms=262144"
    "memorysetup-temp-allocator-size-background-worker=32768"
    "memorysetup-temp-allocator-size-job-worker=262144"
    "memorysetup-temp-allocator-size-preload-manager=33554432"
    "memorysetup-temp-allocator-size-nav-mesh-worker=65536"
    "memorysetup-temp-allocator-size-audio-worker=65536"
    "memorysetup-temp-allocator-size-cloud-worker=32768"
    "memorysetup-temp-allocator-size-gi-baking-worker=262144"
    "memorysetup-temp-allocator-size-gfx=262144"
Player connection [12676] Host "[IP] 192.168.1.203 [Port] 0 [Flags] 2 [Guid] 286140569 [EditorId] 286140569 [Version] 1048832 [Id] WindowsEditor(7,DESKTOP-4FGO5O2) [Debug] 1 [PackageName] WindowsEditor [ProjectName] Editor" joined multi-casting on [225.0.0.222:54997]...

Player connection [12676] Host "[IP] 192.168.1.203 [Port] 0 [Flags] 2 [Guid] 286140569 [EditorId] 286140569 [Version] 1048832 [Id] WindowsEditor(7,DESKTOP-4FGO5O2) [Debug] 1 [PackageName] WindowsEditor [ProjectName] Editor" joined alternative multi-casting on [225.0.0.222:34997]...

Refreshing native plugins compatible for Editor in 91.66 ms, found 3 plugins.
Preloading 0 native plugins for Editor in 0.00 ms.
Initialize engine version: 2021.3.16f1 (4016570cf34f)
[Subsystems] Discovering subsystems at path C:/Program Files/Unity/Hub/Editor/2021.3.16f1/Editor/Data/Resources/UnitySubsystems
[Subsystems] Discovering subsystems at path C:/Users/tegel/Documents/GitHub/Workshop1/My project/Assets
GfxDevice: creating device client; threaded=0; jobified=0
Direct3D:
    Version:  Direct3D 11.0 [level 11.1]
    Renderer: NVIDIA GeForce RTX 2070 (ID=0x1f02)
    Vendor:   NVIDIA
    VRAM:     8019 MB
    Driver:   31.0.15.2756
Initialize mono
Mono path[0] = 'C:/Program Files/Unity/Hub/Editor/2021.3.16f1/Editor/Data/Managed'
Mono path[1] = 'C:/Program Files/Unity/Hub/Editor/2021.3.16f1/Editor/Data/MonoBleedingEdge/lib/mono/unityjit-win32'
Mono config path = 'C:/Program Files/Unity/Hub/Editor/2021.3.16f1/Editor/Data/MonoBleedingEdge/etc'
Using monoOptions --debugger-agent=transport=dt_socket,embedding=1,server=y,suspend=n,address=127.0.0.1:56648
Begin MonoManager ReloadAssembly
Registering precompiled unity dll's ...
Register platform support module: C:/Program Files/Unity/Hub/Editor/2021.3.16f1/Editor/Data/PlaybackEngines/WebGLSupport/UnityEditor.WebGL.Extensions.dll
Register platform support module: C:/Program Files/Unity/Hub/Editor/2021.3.16f1/Editor/Data/PlaybackEngines/WindowsStandaloneSupport/UnityEditor.WindowsStandalone.Extensions.dll
Registered in 0.018474 seconds.
Native extension for WindowsStandalone target not found
Native extension for WebGL target not found
Refreshing native plugins compatible for Editor in 81.26 ms, found 3 plugins.
Preloading 0 native plugins for Editor in 0.00 ms.
Mono: successfully reloaded assembly
- Completed reload, in  1.013 seconds
Domain Reload Profiling:
	ReloadAssembly (1013ms)
		BeginReloadAssembly (166ms)
			ExecutionOrderSort (0ms)
			DisableScriptedObjects (0ms)
			BackupInstance (0ms)
			ReleaseScriptingObjects (0ms)
			CreateAndSetChildDomain (2ms)
		EndReloadAssembly (666ms)
			LoadAssemblies (163ms)
			RebuildTransferFunctionScriptingTraits (0ms)
			SetupTypeCache (223ms)
			ReleaseScriptCaches (0ms)
			RebuildScriptCaches (35ms)
			SetupLoadedEditorAssemblies (338ms)
				LogAssemblyErrors (0ms)
				InitializePlatformSupportModulesInManaged (12ms)
				SetLoadedEditorAssemblies (0ms)
				RefreshPlugins (81ms)
				BeforeProcessingInitializeOnLoad (2ms)
				ProcessInitializeOnLoadAttributes (182ms)
				ProcessInitializeOnLoadMethodAttributes (61ms)
				AfterProcessingInitializeOnLoad (0ms)
				EditorAssembliesLoaded (0ms)
			ExecutionOrderSort2 (0ms)
			AwakeInstancesAfterBackupRestoration (0ms)
Platform modules already initialized, skipping
Registering precompiled user dll's ...
Registered in 0.008014 seconds.
Begin MonoManager ReloadAssembly
Symbol file LoadedFromMemory doesn't match image C:\Users\tegel\Documents\GitHub\Workshop1\My project\Library\PackageCache\com.unity.visualscripting@1.7.8\Editor\VisualScripting.Core\Dependencies\YamlDotNet\Unity.VisualScripting.YamlDotNet.dll
Symbol file LoadedFromMemory doesn't match image C:\Users\tegel\Documents\GitHub\Workshop1\My project\Library\PackageCache\com.unity.visualscripting@1.7.8\Editor\VisualScripting.Core\Dependencies\DotNetZip\Unity.VisualScripting.IonicZip.dll
Native extension for WindowsStandalone target not found
Native extension for WebGL target not found
Refreshing native plugins compatible for Editor in 0.81 ms, found 3 plugins.
Preloading 0 native plugins for Editor in 0.00 ms.
Mono: successfully reloaded assembly
- Completed reload, in  1.313 seconds
Domain Reload Profiling:
	ReloadAssembly (1314ms)
		BeginReloadAssembly (159ms)
			ExecutionOrderSort (0ms)
			DisableScriptedObjects (7ms)
			BackupInstance (0ms)
			ReleaseScriptingObjects (0ms)
			CreateAndSetChildDomain (39ms)
		EndReloadAssembly (1016ms)
			LoadAssemblies (109ms)
			RebuildTransferFunctionScriptingTraits (0ms)
			SetupTypeCache (270ms)
			ReleaseScriptCaches (1ms)
			RebuildScriptCaches (65ms)
			SetupLoadedEditorAssemblies (532ms)
				LogAssemblyErrors (0ms)
				InitializePlatformSupportModulesInManaged (15ms)
				SetLoadedEditorAssemblies (1ms)
				RefreshPlugins (1ms)
				BeforeProcessingInitializeOnLoad (99ms)
				ProcessInitializeOnLoadAttributes (374ms)
				ProcessInitializeOnLoadMethodAttributes (32ms)
				AfterProcessingInitializeOnLoad (11ms)
				EditorAssembliesLoaded (0ms)
			ExecutionOrderSort2 (0ms)
			AwakeInstancesAfterBackupRestoration (10ms)
Platform modules already initialized, skipping
========================================================================
Worker process is ready to serve import requests
Launched and connected shader compiler UnityShaderCompiler.exe after 0.05 seconds
Refreshing native plugins compatible for Editor in 0.67 ms, found 3 plugins.
Preloading 0 native plugins for Editor in 0.00 ms.
Unloading 3233 Unused Serialized files (Serialized files now loaded: 0)
Unloading 23 unused Assets / (30.2 KB). Loaded Objects now: 3709.
Memory consumption went from 124.5 MB to 124.4 MB.
Total: 5.010000 ms (FindLiveObjects: 0.525700 ms CreateObjectMapping: 0.295600 ms MarkObjects: 3.009100 ms  DeleteObjects: 1.177100 ms)

AssetImportParameters requested are different than current active one (requested -> active):
  custom:video-decoder-ogg-theora: a1e56fd34408186e4bbccfd4996cb3dc -> 
  custom:container-muxer-webm: aa71ff27fc2769a1b78a27578f13a17b -> 
  custom:container-demuxer-webm: 4f35f7cbe854078d1ac9338744f61a02 -> 
  custom:video-encoder-webm-vp8: eb34c28f22e8b96e1ab97ce403110664 -> 
  custom:audio-encoder-webm-vorbis: bf7c407c2cedff20999df2af8eb42d56 -> 
  custom:framework-win-MediaFoundation: 216162199b28c13a410421893ffa2e32 -> 
  custom:container-demuxer-ogg: 62fdf1f143b41e24485cea50d1cbac27 -> 
  custom:video-decoder-webm-vp8: 9c59270c3fd7afecdb556c50c9e8de78 -> 
  custom:audio-decoder-ogg-vorbis: bf7c407c2cedff20999df2af8eb42d56 -> 
========================================================================
Received Import Request.
  Time since last request: 680682.786693 seconds.
  path: Assets/Player.prefab
  artifactKey: Guid(b3d131f45f69c694fbdbd178bbdb27a5) Importer(815301076,1909f56bfc062723c751e8b465ee728b)
Start importing Assets/Player.prefab using Guid(b3d131f45f69c694fbdbd178bbdb27a5) Importer(815301076,1909f56bfc062723c751e8b465ee728b)  -> (artifact id: 'a4500f76b2c1b611f636f19b327c9f28') in 0.203647 seconds 
========================================================================
Received Prepare
Registering precompiled user dll's ...
Registered in 0.007935 seconds.
Begin MonoManager ReloadAssembly
Symbol file LoadedFromMemory doesn't match image C:\Users\tegel\Documents\GitHub\Workshop1\My project\Library\PackageCache\com.unity.visualscripting@1.7.8\Editor\VisualScripting.Core\Dependencies\YamlDotNet\Unity.VisualScripting.YamlDotNet.dll
Symbol file LoadedFromMemory doesn't match image C:\Users\tegel\Documents\GitHub\Workshop1\My project\Library\PackageCache\com.unity.visualscripting@1.7.8\Editor\VisualScripting.Core\Dependencies\DotNetZip\Unity.VisualScripting.IonicZip.dll
Native extension for WindowsStandalone target not found
Native extension for WebGL target not found
Refreshing native plugins compatible for Editor in 1.63 ms, found 3 plugins.
Preloading 0 native plugins for Editor in 0.00 ms.
Mono: successfully reloaded assembly
- Completed reload, in  1.430 seconds
Domain Reload Profiling:
	ReloadAssembly (1432ms)
		BeginReloadAssembly (168ms)
			ExecutionOrderSort (0ms)
			DisableScriptedObjects (5ms)
			BackupInstance (0ms)
			ReleaseScriptingObjects (0ms)
			CreateAndSetChildDomain (43ms)
		EndReloadAssembly (1133ms)
			LoadAssemblies (120ms)
			RebuildTransferFunctionScriptingTraits (0ms)
			SetupTypeCache (355ms)
			ReleaseScriptCaches (3ms)
			RebuildScriptCaches (67ms)
			SetupLoadedEditorAssemblies (522ms)
				LogAssemblyErrors (0ms)
				InitializePlatformSupportModulesInManaged (27ms)
				SetLoadedEditorAssemblies (2ms)
				RefreshPlugins (2ms)
				BeforeProcessingInitializeOnLoad (91ms)
				ProcessInitializeOnLoadAttributes (343ms)
				ProcessInitializeOnLoadMethodAttributes (44ms)
				AfterProcessingInitializeOnLoad (15ms)
				EditorAssembliesLoaded (0ms)
			ExecutionOrderSort2 (0ms)
			AwakeInstancesAfterBackupRestoration (12ms)
Platform modules already initialized, skipping
Refreshing native plugins compatible for Editor in 3.63 ms, found 3 plugins.
Preloading 0 native plugins for Editor in 0.00 ms.
Unloading 3226 Unused Serialized files (Serialized files now loaded: 0)
Unloading 17 unused Assets / (24.6 KB). Loaded Objects now: 3722.
Memory consumption went from 128.6 MB to 128.6 MB.
Total: 5.317500 ms (FindLiveObjects: 0.328600 ms CreateObjectMapping: 0.203100 ms MarkObjects: 4.718100 ms  DeleteObjects: 0.064800 ms)

AssetImportParameters requested are different than current active one (requested -> active):
  custom:video-decoder-ogg-theora: a1e56fd34408186e4bbccfd4996cb3dc -> 
  custom:container-muxer-webm: aa71ff27fc2769a1b78a27578f13a17b -> 
  custom:container-demuxer-webm: 4f35f7cbe854078d1ac9338744f61a02 -> 
  custom:video-encoder-webm-vp8: eb34c28f22e8b96e1ab97ce403110664 -> 
  custom:audio-encoder-webm-vorbis: bf7c407c2cedff20999df2af8eb42d56 -> 
  custom:framework-win-MediaFoundation: 216162199b28c13a410421893ffa2e32 -> 
  custom:container-demuxer-ogg: 62fdf1f143b41e24485cea50d1cbac27 -> 
  custom:video-decoder-webm-vp8: 9c59270c3fd7afecdb556c50c9e8de78 -> 
  custom:audio-decoder-ogg-vorbis: bf7c407c2cedff20999df2af8eb42d56 -> 
========================================================================
Received Import Request.
  Time since last request: 92.404162 seconds.
  path: Assets/Scenes
  artifactKey: Guid(dc41a611b66318241be1cfe100fcf91a) Importer(815301076,1909f56bfc062723c751e8b465ee728b)
Start importing Assets/Scenes using Guid(dc41a611b66318241be1cfe100fcf91a) Importer(815301076,1909f56bfc062723c751e8b465ee728b)  -> (artifact id: '5f9e79daa649843768517f804ece1f3c') in 0.016329 seconds 
========================================================================
Received Import Request.
  Time since last request: 1.211746 seconds.
  path: Assets/Scenes/SampleScene.unity
  artifactKey: Guid(22896a8d21e1fdf438bbd209a4f8bfac) Importer(815301076,1909f56bfc062723c751e8b465ee728b)
Start importing Assets/Scenes/SampleScene.unity using Guid(22896a8d21e1fdf438bbd209a4f8bfac) Importer(815301076,1909f56bfc062723c751e8b465ee728b)  -> (artifact id: '8aacd7094cfdb571b0bc191455f7ec0b') in 0.011678 seconds 
========================================================================
Received Import Request.
  Time since last request: 19.722498 seconds.
  path: Assets/PartyMonsterRumblePBR/Material/DefaultPBR01.mat
  artifactKey: Guid(e6c4e27510e2d164d86c33ef2069b47a) Importer(815301076,1909f56bfc062723c751e8b465ee728b)
Start importing Assets/PartyMonsterRumblePBR/Material/DefaultPBR01.mat using Guid(e6c4e27510e2d164d86c33ef2069b47a) Importer(815301076,1909f56bfc062723c751e8b465ee728b)  -> (artifact id: 'f812f72c0e67a1ac0450f6933e97fbb3') in 0.139973 seconds 
========================================================================
Received Import Request.
  Time since last request: 0.000026 seconds.
  path: Assets/PartyMonsterRumblePBR/Material/MaskTintPBR01.mat
  artifactKey: Guid(9bf1d3f68d42a4d4db99847c3be97714) Importer(815301076,1909f56bfc062723c751e8b465ee728b)
Start importing Assets/PartyMonsterRumblePBR/Material/MaskTintPBR01.mat using Guid(9bf1d3f68d42a4d4db99847c3be97714) Importer(815301076,1909f56bfc062723c751e8b465ee728b)  -> (artifact id: '1b5425cf7bf9ab4b27f1a86662a173e3') in 0.088948 seconds 
========================================================================
Received Import Request.
  Time since last request: 0.000034 seconds.
  path: Assets/PartyMonsterRumblePBR/Material/Stage.mat
  artifactKey: Guid(f2c23294678c47341aa7ffec8a34162a) Importer(815301076,1909f56bfc062723c751e8b465ee728b)
Start importing Assets/PartyMonsterRumblePBR/Material/Stage.mat using Guid(f2c23294678c47341aa7ffec8a34162a) Importer(815301076,1909f56bfc062723c751e8b465ee728b)  -> (artifact id: '19b515fcdbff5d6298293d447d4faec5') in 0.047465 seconds 
========================================================================
Received Import Request.
  Time since last request: 0.000033 seconds.
  path: Assets/polyperfect/Poly Halloween/- Meshes/Halloween/pumpkin-carved-lit-a.fbx
  artifactKey: Guid(14fdab24db15114448c0cd5d490f08c8) Importer(815301076,1909f56bfc062723c751e8b465ee728b)
Start importing Assets/polyperfect/Poly Halloween/- Meshes/Halloween/pumpkin-carved-lit-a.fbx using Guid(14fdab24db15114448c0cd5d490f08c8) Importer(815301076,1909f56bfc062723c751e8b465ee728b)  -> (artifact id: 'da9c3c6c6da128434e359b6f0c999b43') in 0.172620 seconds 
========================================================================
Received Import Request.
  Time since last request: 4.578094 seconds.
  path: Assets/PartyMonsterRumblePBR/Texture/MaskTintPBR/Albedo02.png
  artifactKey: Guid(fff52daaf38776a4d98fa9f3d53534cc) Importer(815301076,1909f56bfc062723c751e8b465ee728b)
Start importing Assets/PartyMonsterRumblePBR/Texture/MaskTintPBR/Albedo02.png using Guid(fff52daaf38776a4d98fa9f3d53534cc) Importer(815301076,1909f56bfc062723c751e8b465ee728b)  -> (artifact id: '58b73ca72f10c342669d5fe60921c1f4') in 0.087829 seconds 
========================================================================
Received Import Request.
  Time since last request: 0.000025 seconds.
  path: Assets/PartyMonsterRumblePBR/Texture/MaskTintPBR/Set02_Mask03.png
  artifactKey: Guid(221f05f662223d041a89c2f8e6b087e6) Importer(815301076,1909f56bfc062723c751e8b465ee728b)
Start importing Assets/PartyMonsterRumblePBR/Texture/MaskTintPBR/Set02_Mask03.png using Guid(221f05f662223d041a89c2f8e6b087e6) Importer(815301076,1909f56bfc062723c751e8b465ee728b)  -> (artifact id: '3799437dd747057299bcc7dd45aee4dd') in 0.027245 seconds 
========================================================================
Received Import Request.
  Time since last request: 0.000036 seconds.
  path: Assets/PartyMonsterRumblePBR/Texture/MaskTintPBR/Set02_Mask01.png
  artifactKey: Guid(50e9fb6153612c34db4d662e57a1f651) Importer(815301076,1909f56bfc062723c751e8b465ee728b)
Start importing Assets/PartyMonsterRumblePBR/Texture/MaskTintPBR/Set02_Mask01.png using Guid(50e9fb6153612c34db4d662e57a1f651) Importer(815301076,1909f56bfc062723c751e8b465ee728b)  -> (artifact id: 'b213141fd8f4f0135af6a016cbf65e99') in 0.029314 seconds 
========================================================================
Received Import Request.
  Time since last request: 3.209580 seconds.
  path: Assets/PartyMonsterRumblePBR/Animation/Attack01.fbx
  artifactKey: Guid(c079a833bce9f244197c6d6a59349939) Importer(815301076,1909f56bfc062723c751e8b465ee728b)
Start importing Assets/PartyMonsterRumblePBR/Animation/Attack01.fbx using Guid(c079a833bce9f244197c6d6a59349939) Importer(815301076,1909f56bfc062723c751e8b465ee728b)  -> (artifact id: 'eb18bf727d24ee18ff77bb51722b31e1') in 0.063819 seconds 
========================================================================
Received Import Request.
  Time since last request: 0.000026 seconds.
  path: Assets/PartyMonsterRumblePBR/Animation/JumpOneTake.fbx
  artifactKey: Guid(3ec2d761566ed6b44bbd934694af281b) Importer(815301076,1909f56bfc062723c751e8b465ee728b)
Start importing Assets/PartyMonsterRumblePBR/Animation/JumpOneTake.fbx using Guid(3ec2d761566ed6b44bbd934694af281b) Importer(815301076,1909f56bfc062723c751e8b465ee728b)  -> (artifact id: '80f2a3b1018fa23aed709d83fff0d46e') in 0.044144 seconds 
========================================================================
Received Import Request.
  Time since last request: 0.000042 seconds.
  path: Assets/PartyMonsterRumblePBR/Animation/RootMotion/Run01FWD_AnimLayer_RM.fbx
  artifactKey: Guid(52311849d69eebd4792b2c87b67cf57e) Importer(815301076,1909f56bfc062723c751e8b465ee728b)
Start importing Assets/PartyMonsterRumblePBR/Animation/RootMotion/Run01FWD_AnimLayer_RM.fbx using Guid(52311849d69eebd4792b2c87b67cf57e) Importer(815301076,1909f56bfc062723c751e8b465ee728b)  -> (artifact id: '05ac0c6d25f1bbb6cc9cf2f11a0afe03') in 0.102320 seconds 
========================================================================
Received Import Request.
  Time since last request: 0.000029 seconds.
  path: Assets/PartyMonsterRumblePBR/Animation/RootMotion/Run01Right_RM.fbx
  artifactKey: Guid(af97ed4ef926a6c448d8f1242812c9bf) Importer(815301076,1909f56bfc062723c751e8b465ee728b)
Start importing Assets/PartyMonsterRumblePBR/Animation/RootMotion/Run01Right_RM.fbx using Guid(af97ed4ef926a6c448d8f1242812c9bf) Importer(815301076,1909f56bfc062723c751e8b465ee728b)  -> (artifact id: 'c839df10ffec762eafd81b60ac5d346d') in 0.047467 seconds 
========================================================================
Received Import Request.
  Time since last request: 0.000023 seconds.
  path: Assets/PartyMonsterRumblePBR/Animation/Slide.fbx
  artifactKey: Guid(ce85b6fae17ba5640abc7c259651e1be) Importer(815301076,1909f56bfc062723c751e8b465ee728b)
Start importing Assets/PartyMonsterRumblePBR/Animation/Slide.fbx using Guid(ce85b6fae17ba5640abc7c259651e1be) Importer(815301076,1909f56bfc062723c751e8b465ee728b)  -> (artifact id: '91a98a79b4d50a3cfa381862f0675ebc') in 0.051001 seconds 
========================================================================
Received Import Request.
  Time since last request: 0.000057 seconds.
  path: Assets/PartyMonsterRumblePBR/Animation/GetHit.fbx
  artifactKey: Guid(e2454aa9afc8f7d42a3beb381754010e) Importer(815301076,1909f56bfc062723c751e8b465ee728b)
Start importing Assets/PartyMonsterRumblePBR/Animation/GetHit.fbx using Guid(e2454aa9afc8f7d42a3beb381754010e) Importer(815301076,1909f56bfc062723c751e8b465ee728b)  -> (artifact id: '4c60084d3cdc178d5b6b25d9861d3652') in 0.039486 seconds 
========================================================================
Received Import Request.
  Time since last request: 0.000023 seconds.
  path: Assets/PartyMonsterRumblePBR/Animation/Idle03.fbx
  artifactKey: Guid(cec4383bee75c3848b23bde89fb98646) Importer(815301076,1909f56bfc062723c751e8b465ee728b)
Start importing Assets/PartyMonsterRumblePBR/Animation/Idle03.fbx using Guid(cec4383bee75c3848b23bde89fb98646) Importer(815301076,1909f56bfc062723c751e8b465ee728b)  -> (artifact id: '9e43de9ed8f100b167db086b901357d4') in 0.045054 seconds 
========================================================================
Received Import Request.
  Time since last request: 0.000031 seconds.
  path: Assets/PartyMonsterRumblePBR/Animation/ForSaw/Attack03_Saw.fbx
  artifactKey: Guid(562196d29293bf44b93a6d9b2b22a76b) Importer(815301076,1909f56bfc062723c751e8b465ee728b)
Start importing Assets/PartyMonsterRumblePBR/Animation/ForSaw/Attack03_Saw.fbx using Guid(562196d29293bf44b93a6d9b2b22a76b) Importer(815301076,1909f56bfc062723c751e8b465ee728b)  -> (artifact id: 'bf4323133b584d4a476d2693c151cf25') in 0.044690 seconds 
========================================================================
Received Import Request.
  Time since last request: 0.000038 seconds.
  path: Assets/PartyMonsterRumblePBR/Animation/Grab.fbx
  artifactKey: Guid(66975e2ec05a18e4884e21e73f8279c1) Importer(815301076,1909f56bfc062723c751e8b465ee728b)
Start importing Assets/PartyMonsterRumblePBR/Animation/Grab.fbx using Guid(66975e2ec05a18e4884e21e73f8279c1) Importer(815301076,1909f56bfc062723c751e8b465ee728b)  -> (artifact id: '3bcb647cdc8d7653cdb98aca2fbb20bf') in 0.033715 seconds 
========================================================================
Received Import Request.
  Time since last request: 0.000030 seconds.
  path: Assets/PartyMonsterRumblePBR/Animation/JumpEnd.fbx
  artifactKey: Guid(8c465a3339e5e7f4ab6d15316b212748) Importer(815301076,1909f56bfc062723c751e8b465ee728b)
Start importing Assets/PartyMonsterRumblePBR/Animation/JumpEnd.fbx using Guid(8c465a3339e5e7f4ab6d15316b212748) Importer(815301076,1909f56bfc062723c751e8b465ee728b)  -> (artifact id: '61d2520c88805b6c45c9799447c6ea19') in 0.033505 seconds 
========================================================================
Received Import Request.
  Time since last request: 0.000032 seconds.
  path: Assets/PartyMonsterRumblePBR/Animation/ForAnimationLayer/Run01BWD_AnimLayer.fbx
  artifactKey: Guid(2cef26ac1dbc43449ad8e8e7d0e74098) Importer(815301076,1909f56bfc062723c751e8b465ee728b)
Start importing Assets/PartyMonsterRumblePBR/Animation/ForAnimationLayer/Run01BWD_AnimLayer.fbx using Guid(2cef26ac1dbc43449ad8e8e7d0e74098) Importer(815301076,1909f56bfc062723c751e8b465ee728b)  -> (artifact id: '2c55730279b051eb43a21fe92cbae7c9') in 0.038022 seconds 
========================================================================
Received Import Request.
  Time since last request: 0.000171 seconds.
  path: Assets/PartyMonsterRumblePBR/Animation/DefenseHit.fbx
  artifactKey: Guid(d7af8ce29102eab49afee0dc9d3659e3) Importer(815301076,1909f56bfc062723c751e8b465ee728b)
Start importing Assets/PartyMonsterRumblePBR/Animation/DefenseHit.fbx using Guid(d7af8ce29102eab49afee0dc9d3659e3) Importer(815301076,1909f56bfc062723c751e8b465ee728b)  -> (artifact id: 'e1b08bcfa04d46e146a7e303c5f67363') in 0.033368 seconds 
========================================================================
Received Import Request.
  Time since last request: 0.000024 seconds.
  path: Assets/PartyMonsterRumblePBR/Animation/Die01.fbx
  artifactKey: Guid(346a6962ca56a3b42aeea7537848e8e0) Importer(815301076,1909f56bfc062723c751e8b465ee728b)
Start importing Assets/PartyMonsterRumblePBR/Animation/Die01.fbx using Guid(346a6962ca56a3b42aeea7537848e8e0) Importer(815301076,1909f56bfc062723c751e8b465ee728b)  -> (artifact id: 'ad259741741c54cd04d6a5e847c756ed') in 0.036141 seconds 
========================================================================
Received Import Request.
  Time since last request: 0.000048 seconds.
  path: Assets/PartyMonsterRumblePBR/Animation/ForSaw/Attack01_Saw.fbx
  artifactKey: Guid(34a26d85d0a3e1c469962364f180ab12) Importer(815301076,1909f56bfc062723c751e8b465ee728b)
Start importing Assets/PartyMonsterRumblePBR/Animation/ForSaw/Attack01_Saw.fbx using Guid(34a26d85d0a3e1c469962364f180ab12) Importer(815301076,1909f56bfc062723c751e8b465ee728b)  -> (artifact id: 'eeee120ea8a0af32265fc09e7129c547') in 0.032770 seconds 
========================================================================
Received Import Request.
  Time since last request: 0.000059 seconds.
  path: Assets/PartyMonsterRumblePBR/Animation/ForDrill/Push_Drill.fbx
  artifactKey: Guid(c1835c177a77cca4b897e010d9a29967) Importer(815301076,1909f56bfc062723c751e8b465ee728b)
Start importing Assets/PartyMonsterRumblePBR/Animation/ForDrill/Push_Drill.fbx using Guid(c1835c177a77cca4b897e010d9a29967) Importer(815301076,1909f56bfc062723c751e8b465ee728b)  -> (artifact id: '76941d8c121a2d4f4e2e152ee49cf568') in 0.029950 seconds 
========================================================================
Received Import Request.
  Time since last request: 0.000029 seconds.
  path: Assets/PartyMonsterRumblePBR/Animation/ForShark/Slide_Shark.fbx
  artifactKey: Guid(a2a05cb7b2020184b81cba14dbe55e7f) Importer(815301076,1909f56bfc062723c751e8b465ee728b)
Start importing Assets/PartyMonsterRumblePBR/Animation/ForShark/Slide_Shark.fbx using Guid(a2a05cb7b2020184b81cba14dbe55e7f) Importer(815301076,1909f56bfc062723c751e8b465ee728b)  -> (artifact id: 'b9480978f2c78f3cc1dd44f6ebce6ab9') in 0.030229 seconds 
========================================================================
Received Import Request.
  Time since last request: 0.000027 seconds.
  path: Assets/PartyMonsterRumblePBR/Animation/Attack02.fbx
  artifactKey: Guid(ee4dcd4aac28c304c9bd9485e85e6e3b) Importer(815301076,1909f56bfc062723c751e8b465ee728b)
Start importing Assets/PartyMonsterRumblePBR/Animation/Attack02.fbx using Guid(ee4dcd4aac28c304c9bd9485e85e6e3b) Importer(815301076,1909f56bfc062723c751e8b465ee728b)  -> (artifact id: '785cdabd6cf880dd7ab37c89c579fd79') in 0.032490 seconds 
========================================================================
Received Import Request.
  Time since last request: 0.000031 seconds.
  path: Assets/PartyMonsterRumblePBR/Animation/ForShark/Push_Shark.fbx
  artifactKey: Guid(b9e42f91e49bb63449c6175eed9dc51e) Importer(815301076,1909f56bfc062723c751e8b465ee728b)
Start importing Assets/PartyMonsterRumblePBR/Animation/ForShark/Push_Shark.fbx using Guid(b9e42f91e49bb63449c6175eed9dc51e) Importer(815301076,1909f56bfc062723c751e8b465ee728b)  -> (artifact id: '52cb088e153088ed4abc461c61d54ea9') in 0.034440 seconds 
========================================================================
Received Import Request.
  Time since last request: 0.000039 seconds.
  path: Assets/PartyMonsterRumblePBR/Animation/Dance02.fbx
  artifactKey: Guid(fb33bf7721677b04a99c0fb087c37be2) Importer(815301076,1909f56bfc062723c751e8b465ee728b)
Start importing Assets/PartyMonsterRumblePBR/Animation/Dance02.fbx using Guid(fb33bf7721677b04a99c0fb087c37be2) Importer(815301076,1909f56bfc062723c751e8b465ee728b)  -> (artifact id: 'b39b134920c29432fa1a535076c4d0f6') in 0.029063 seconds 
========================================================================
Received Import Request.
  Time since last request: 0.000024 seconds.
  path: Assets/PartyMonsterRumblePBR/Animation/Push.fbx
  artifactKey: Guid(3aa072121bfc60b4f8f1bc94f6756e3c) Importer(815301076,1909f56bfc062723c751e8b465ee728b)
Start importing Assets/PartyMonsterRumblePBR/Animation/Push.fbx using Guid(3aa072121bfc60b4f8f1bc94f6756e3c) Importer(815301076,1909f56bfc062723c751e8b465ee728b)  -> (artifact id: '8904c76568e86895f15b9cf7a6fa40e5') in 0.049777 seconds 
========================================================================
Received Import Request.
  Time since last request: 0.000077 seconds.
  path: Assets/PartyMonsterRumblePBR/Animation/Attack03.fbx
  artifactKey: Guid(720a63b0eac74de419a867d598dc7972) Importer(815301076,1909f56bfc062723c751e8b465ee728b)
Start importing Assets/PartyMonsterRumblePBR/Animation/Attack03.fbx using Guid(720a63b0eac74de419a867d598dc7972) Importer(815301076,1909f56bfc062723c751e8b465ee728b)  -> (artifact id: '428d3fcafbc8312a4f07ab4b59b52c5b') in 0.039432 seconds 
========================================================================
Received Import Request.
  Time since last request: 0.000030 seconds.
  path: Assets/PartyMonsterRumblePBR/Animation/Dizzy.fbx
  artifactKey: Guid(a5e1f8c4ae1ff184cb248966ce834502) Importer(815301076,1909f56bfc062723c751e8b465ee728b)
Start importing Assets/PartyMonsterRumblePBR/Animation/Dizzy.fbx using Guid(a5e1f8c4ae1ff184cb248966ce834502) Importer(815301076,1909f56bfc062723c751e8b465ee728b)  -> (artifact id: '644f8c01c428089f880dc4829c11f52f') in 0.043420 seconds 
========================================================================
Received Import Request.
  Time since last request: 0.000035 seconds.
  path: Assets/PartyMonsterRumblePBR/Animation/Idle02.fbx
  artifactKey: Guid(1eddec30b4de66b49910d969358bf69f) Importer(815301076,1909f56bfc062723c751e8b465ee728b)
Start importing Assets/PartyMonsterRumblePBR/Animation/Idle02.fbx using Guid(1eddec30b4de66b49910d969358bf69f) Importer(815301076,1909f56bfc062723c751e8b465ee728b)  -> (artifact id: 'e0be1f1c16e56f02590a262d3f64f654') in 0.050598 seconds 
========================================================================
Received Import Request.
  Time since last request: 0.000052 seconds.
  path: Assets/PartyMonsterRumblePBR/Animation/ForShark/Attack03_Shark.fbx
  artifactKey: Guid(80a03d59a343a1e4fb67ba911d7e243a) Importer(815301076,1909f56bfc062723c751e8b465ee728b)
Start importing Assets/PartyMonsterRumblePBR/Animation/ForShark/Attack03_Shark.fbx using Guid(80a03d59a343a1e4fb67ba911d7e243a) Importer(815301076,1909f56bfc062723c751e8b465ee728b)  -> (artifact id: '6e2c5cf47c2ea9a42d75815bb33c6d99') in 0.051777 seconds 
========================================================================
Received Import Request.
  Time since last request: 0.000037 seconds.
  path: Assets/PartyMonsterRumblePBR/Animation/GrabIdle.fbx
  artifactKey: Guid(b2ac92a2079c1ec49bd730e2d20e071b) Importer(815301076,1909f56bfc062723c751e8b465ee728b)
Start importing Assets/PartyMonsterRumblePBR/Animation/GrabIdle.fbx using Guid(b2ac92a2079c1ec49bd730e2d20e071b) Importer(815301076,1909f56bfc062723c751e8b465ee728b)  -> (artifact id: '23a2adadff579306d27a2a3989e042a4') in 0.043878 seconds 
========================================================================
Received Import Request.
  Time since last request: 0.000039 seconds.
  path: Assets/PartyMonsterRumblePBR/Animation/Run01BWD.fbx
  artifactKey: Guid(adef3dd147ee71c44b030e3f830b7655) Importer(815301076,1909f56bfc062723c751e8b465ee728b)
Start importing Assets/PartyMonsterRumblePBR/Animation/Run01BWD.fbx using Guid(adef3dd147ee71c44b030e3f830b7655) Importer(815301076,1909f56bfc062723c751e8b465ee728b)  -> (artifact id: 'a16f16ec9a8940ca792e7e9681e52b9d') in 0.039992 seconds 
========================================================================
Received Import Request.
  Time since last request: 0.000024 seconds.
  path: Assets/PartyMonsterRumblePBR/Animation/Run02.fbx
  artifactKey: Guid(0376c6df13a46f44aa357518bae2f6d7) Importer(815301076,1909f56bfc062723c751e8b465ee728b)
Start importing Assets/PartyMonsterRumblePBR/Animation/Run02.fbx using Guid(0376c6df13a46f44aa357518bae2f6d7) Importer(815301076,1909f56bfc062723c751e8b465ee728b)  -> (artifact id: '83c87ab653b9f078ae71aa8e5ecd089c') in 0.048636 seconds 
========================================================================
Received Import Request.
  Time since last request: 0.000032 seconds.
  path: Assets/PartyMonsterRumblePBR/Animation/ForShark/Attack01_Shark.fbx
  artifactKey: Guid(ad014de7b7bbcb147963ddb3499e8523) Importer(815301076,1909f56bfc062723c751e8b465ee728b)
Start importing Assets/PartyMonsterRumblePBR/Animation/ForShark/Attack01_Shark.fbx using Guid(ad014de7b7bbcb147963ddb3499e8523) Importer(815301076,1909f56bfc062723c751e8b465ee728b)  -> (artifact id: 'c48d1b1a2ec6005b5416bcd69579c6b2') in 0.036603 seconds 
========================================================================
Received Import Request.
  Time since last request: 0.000061 seconds.
  path: Assets/PartyMonsterRumblePBR/Animation/ForSaw/SlideRM_Saw.fbx
  artifactKey: Guid(a6c7e1c5ae13c6344b08e52aaf733b5c) Importer(815301076,1909f56bfc062723c751e8b465ee728b)
Start importing Assets/PartyMonsterRumblePBR/Animation/ForSaw/SlideRM_Saw.fbx using Guid(a6c7e1c5ae13c6344b08e52aaf733b5c) Importer(815301076,1909f56bfc062723c751e8b465ee728b)  -> (artifact id: 'a282fcf933640455268aec6f8b5046f6') in 0.041362 seconds 
========================================================================
Received Import Request.
  Time since last request: 0.000041 seconds.
  path: Assets/PartyMonsterRumblePBR/Animation/Victory01.fbx
  artifactKey: Guid(638b1d8fb5dd82245b382272af09c8a0) Importer(815301076,1909f56bfc062723c751e8b465ee728b)
Start importing Assets/PartyMonsterRumblePBR/Animation/Victory01.fbx using Guid(638b1d8fb5dd82245b382272af09c8a0) Importer(815301076,1909f56bfc062723c751e8b465ee728b)  -> (artifact id: '3c4f361a3eedc90e545f5eeaa15513a4') in 0.045877 seconds 
========================================================================
Received Import Request.
  Time since last request: 0.000036 seconds.
  path: Assets/PartyMonsterRumblePBR/Mesh/StageMesh.fbx
  artifactKey: Guid(d075acd8865fffe4e9475ceead36c4c9) Importer(815301076,1909f56bfc062723c751e8b465ee728b)
Start importing Assets/PartyMonsterRumblePBR/Mesh/StageMesh.fbx using Guid(d075acd8865fffe4e9475ceead36c4c9) Importer(815301076,1909f56bfc062723c751e8b465ee728b)  -> (artifact id: 'cecdccf1bf2a4a3f31e0ca5c9b93b3ea') in 0.035284 seconds 
========================================================================
Received Import Request.
  Time since last request: 0.000028 seconds.
  path: Assets/PartyMonsterRumblePBR/Animation/RootMotion/WalkFWD_RM.fbx
  artifactKey: Guid(b7b1bcef56cac354f8a81b0cad7e55b1) Importer(815301076,1909f56bfc062723c751e8b465ee728b)
Start importing Assets/PartyMonsterRumblePBR/Animation/RootMotion/WalkFWD_RM.fbx using Guid(b7b1bcef56cac354f8a81b0cad7e55b1) Importer(815301076,1909f56bfc062723c751e8b465ee728b)  -> (artifact id: 'bdda4cc21cfcbd68f9aa22d9eef14165') in 0.038166 seconds 
========================================================================
Received Import Request.
  Time since last request: 0.000062 seconds.
  path: Assets/PartyMonsterRumblePBR/Animation/RootMotion/WalkLeft_RM.fbx
  artifactKey: Guid(600735bd8060d90408345cea98b6fed8) Importer(815301076,1909f56bfc062723c751e8b465ee728b)
Start importing Assets/PartyMonsterRumblePBR/Animation/RootMotion/WalkLeft_RM.fbx using Guid(600735bd8060d90408345cea98b6fed8) Importer(815301076,1909f56bfc062723c751e8b465ee728b)  -> (artifact id: 'c118ab1a89f7da6e1b07b175b71b3dac') in 0.040777 seconds 
========================================================================
Received Import Request.
  Time since last request: 0.000037 seconds.
  path: Assets/PartyMonsterRumblePBR/Animation/RootMotion/WalkBWD_RM.fbx
  artifactKey: Guid(58adab65f2209324598168c2d5cf4306) Importer(815301076,1909f56bfc062723c751e8b465ee728b)
Start importing Assets/PartyMonsterRumblePBR/Animation/RootMotion/WalkBWD_RM.fbx using Guid(58adab65f2209324598168c2d5cf4306) Importer(815301076,1909f56bfc062723c751e8b465ee728b)  -> (artifact id: 'eeaaeeb2f8545e23874ba943fc2e6433') in 0.043810 seconds 
========================================================================
Received Import Request.
  Time since last request: 0.000220 seconds.
  path: Assets/PartyMonsterRumblePBR/Animation/ForSaw/Push_Saw.fbx
  artifactKey: Guid(9901df016e7845f47ace28a06dc42941) Importer(815301076,1909f56bfc062723c751e8b465ee728b)
Start importing Assets/PartyMonsterRumblePBR/Animation/ForSaw/Push_Saw.fbx using Guid(9901df016e7845f47ace28a06dc42941) Importer(815301076,1909f56bfc062723c751e8b465ee728b)  -> (artifact id: '64afed0c8441b9a3b52549c3a17d1cbc') in 0.049304 seconds 
========================================================================
Received Import Request.
  Time since last request: 0.000064 seconds.
  path: Assets/PartyMonsterRumblePBR/Animation/Victory02.fbx
  artifactKey: Guid(b4ca506d1d310b040a11818777ace112) Importer(815301076,1909f56bfc062723c751e8b465ee728b)
Start importing Assets/PartyMonsterRumblePBR/Animation/Victory02.fbx using Guid(b4ca506d1d310b040a11818777ace112) Importer(815301076,1909f56bfc062723c751e8b465ee728b)  -> (artifact id: 'bd00dfe2122e2ff7e54750c11ca85bec') in 0.048845 seconds 
========================================================================
Received Import Request.
  Time since last request: 0.000054 seconds.
  path: Assets/PartyMonsterRumblePBR/Animation/RootMotion/Run01Left_AnimLayer_RM.fbx
  artifactKey: Guid(43ab5873e03d432469ad2442ccf8dcdc) Importer(815301076,1909f56bfc062723c751e8b465ee728b)
Start importing Assets/PartyMonsterRumblePBR/Animation/RootMotion/Run01Left_AnimLayer_RM.fbx using Guid(43ab5873e03d432469ad2442ccf8dcdc) Importer(815301076,1909f56bfc062723c751e8b465ee728b)  -> (artifact id: 'e64fcb34d1e87559eeeeb8e02814e773') in 0.052665 seconds 
========================================================================
Received Import Request.
  Time since last request: 0.000055 seconds.
  path: Assets/PartyMonsterRumblePBR/Animation/RootMotion/Run01FWD_RM.fbx
  artifactKey: Guid(657ea7d933cd37146a6296e299ac5f39) Importer(815301076,1909f56bfc062723c751e8b465ee728b)
Start importing Assets/PartyMonsterRumblePBR/Animation/RootMotion/Run01FWD_RM.fbx using Guid(657ea7d933cd37146a6296e299ac5f39) Importer(815301076,1909f56bfc062723c751e8b465ee728b)  -> (artifact id: '0136a086c0e02997da910997f9478251') in 0.045824 seconds 
========================================================================
Received Import Request.
  Time since last request: 0.000038 seconds.
  path: Assets/PartyMonsterRumblePBR/Animation/ForAnimationLayer/Run01Right_AnimLayer.fbx
  artifactKey: Guid(dea45ea71c723cc41b00fb4c2785003b) Importer(815301076,1909f56bfc062723c751e8b465ee728b)
Start importing Assets/PartyMonsterRumblePBR/Animation/ForAnimationLayer/Run01Right_AnimLayer.fbx using Guid(dea45ea71c723cc41b00fb4c2785003b) Importer(815301076,1909f56bfc062723c751e8b465ee728b)  -> (artifact id: '699231f27c066c89ca9b089a57857c6d') in 0.045115 seconds 
========================================================================
Received Import Request.
  Time since last request: 0.000056 seconds.
  path: Assets/PartyMonsterRumblePBR/Animation/JumpAir.fbx
  artifactKey: Guid(0963d8d4ee9c2e746a851650bce38837) Importer(815301076,1909f56bfc062723c751e8b465ee728b)
Start importing Assets/PartyMonsterRumblePBR/Animation/JumpAir.fbx using Guid(0963d8d4ee9c2e746a851650bce38837) Importer(815301076,1909f56bfc062723c751e8b465ee728b)  -> (artifact id: '433fd1c538f0bb70b1121e538ea10e89') in 0.066981 seconds 
========================================================================
Received Import Request.
  Time since last request: 0.000037 seconds.
  path: Assets/PartyMonsterRumblePBR/Animation/Defense.fbx
  artifactKey: Guid(5aadc29268b688b4bbfa27a9979d6e03) Importer(815301076,1909f56bfc062723c751e8b465ee728b)
Start importing Assets/PartyMonsterRumblePBR/Animation/Defense.fbx using Guid(5aadc29268b688b4bbfa27a9979d6e03) Importer(815301076,1909f56bfc062723c751e8b465ee728b)  -> (artifact id: 'c25a03bc086a0d5c4f17a53a8a072e1e') in 0.062575 seconds 
========================================================================
Received Import Request.
  Time since last request: 0.000043 seconds.
  path: Assets/PartyMonsterRumblePBR/Animation/WalkBWD.fbx
  artifactKey: Guid(7f08f663033d8d344aad25d326ac5821) Importer(815301076,1909f56bfc062723c751e8b465ee728b)
Start importing Assets/PartyMonsterRumblePBR/Animation/WalkBWD.fbx using Guid(7f08f663033d8d344aad25d326ac5821) Importer(815301076,1909f56bfc062723c751e8b465ee728b)  -> (artifact id: '786a4bb20939059b136eb5b115bdfc25') in 0.076082 seconds 
========================================================================
Received Import Request.
  Time since last request: 0.000043 seconds.
  path: Assets/PartyMonsterRumblePBR/Animation/RootMotion/Run01Right_AnimLayer_RM.fbx
  artifactKey: Guid(01d524bfbbfe93c4abcea327c07f1dfb) Importer(815301076,1909f56bfc062723c751e8b465ee728b)
Start importing Assets/PartyMonsterRumblePBR/Animation/RootMotion/Run01Right_AnimLayer_RM.fbx using Guid(01d524bfbbfe93c4abcea327c07f1dfb) Importer(815301076,1909f56bfc062723c751e8b465ee728b)  -> (artifact id: 'a729c91c0b9214b98a877d438b446ad1') in 0.087712 seconds 
========================================================================
Received Import Request.
  Time since last request: 0.000048 seconds.
  path: Assets/PartyMonsterRumblePBR/Animation/RootMotion/Run02_RM.fbx
  artifactKey: Guid(982dff8b417263c49a0fb785b36bb116) Importer(815301076,1909f56bfc062723c751e8b465ee728b)
Start importing Assets/PartyMonsterRumblePBR/Animation/RootMotion/Run02_RM.fbx using Guid(982dff8b417263c49a0fb785b36bb116) Importer(815301076,1909f56bfc062723c751e8b465ee728b)  -> (artifact id: '517bf1499dab4963759a270be8155606') in 0.081701 seconds 
========================================================================
Received Import Request.
  Time since last request: 0.000086 seconds.
  path: Assets/PartyMonsterRumblePBR/Animation/Idle01.fbx
  artifactKey: Guid(67a01a3032ed3684ea95409f50d1e0c3) Importer(815301076,1909f56bfc062723c751e8b465ee728b)
Start importing Assets/PartyMonsterRumblePBR/Animation/Idle01.fbx using Guid(67a01a3032ed3684ea95409f50d1e0c3) Importer(815301076,1909f56bfc062723c751e8b465ee728b)  -> (artifact id: '873f73bb57ef8103081f8e9dcf574c82') in 0.080981 seconds 
========================================================================
Received Import Request.
  Time since last request: 0.000045 seconds.
  path: Assets/PartyMonsterRumblePBR/Animation/ForDrill/Slide_Drill.fbx
  artifactKey: Guid(777e195675330e440a140fa41d5bb183) Importer(815301076,1909f56bfc062723c751e8b465ee728b)
Start importing Assets/PartyMonsterRumblePBR/Animation/ForDrill/Slide_Drill.fbx using Guid(777e195675330e440a140fa41d5bb183) Importer(815301076,1909f56bfc062723c751e8b465ee728b)  -> (artifact id: 'b62241ce978d2b5983e41baf361002f8') in 0.034483 seconds 
========================================================================
Received Import Request.
  Time since last request: 22.316941 seconds.
  path: Assets/PartyMonsterRumblePBR/Prefab/C01.prefab
  artifactKey: Guid(ffd110f01222ea943bc4b2bd2524f1d9) Importer(815301076,1909f56bfc062723c751e8b465ee728b)
Start importing Assets/PartyMonsterRumblePBR/Prefab/C01.prefab using Guid(ffd110f01222ea943bc4b2bd2524f1d9) Importer(815301076,1909f56bfc062723c751e8b465ee728b)  -> (artifact id: '6b18a1cbfa7330ea9d90b50e039ce0a2') in 0.133759 seconds 
========================================================================
Received Import Request.
  Time since last request: 0.000027 seconds.
  path: Assets/PartyMonsterRumblePBR/Prefab/C17.prefab
  artifactKey: Guid(dd0367fdc5965ff47b46f71f31031536) Importer(815301076,1909f56bfc062723c751e8b465ee728b)
Start importing Assets/PartyMonsterRumblePBR/Prefab/C17.prefab using Guid(dd0367fdc5965ff47b46f71f31031536) Importer(815301076,1909f56bfc062723c751e8b465ee728b)  -> (artifact id: 'b8ffc7fb4580e7dcd5b6e660b9657025') in 0.131574 seconds 
========================================================================
Received Import Request.
  Time since last request: 0.000027 seconds.
  path: Assets/PartyMonsterRumblePBR/Prefab/C26.prefab
  artifactKey: Guid(efd66df296cea6f4fb5b3ed2a02f06b4) Importer(815301076,1909f56bfc062723c751e8b465ee728b)
Start importing Assets/PartyMonsterRumblePBR/Prefab/C26.prefab using Guid(efd66df296cea6f4fb5b3ed2a02f06b4) Importer(815301076,1909f56bfc062723c751e8b465ee728b)  -> (artifact id: '1da6d4970c02ebe90e2b708e2e6ea650') in 0.111063 seconds 
========================================================================
Received Import Request.
  Time since last request: 0.000080 seconds.
  path: Assets/PartyMonsterRumblePBR/Prefab/C07.prefab
  artifactKey: Guid(9585e6d6bfa9516469407dd87ee17dd2) Importer(815301076,1909f56bfc062723c751e8b465ee728b)
Start importing Assets/PartyMonsterRumblePBR/Prefab/C07.prefab using Guid(9585e6d6bfa9516469407dd87ee17dd2) Importer(815301076,1909f56bfc062723c751e8b465ee728b)  -> (artifact id: '9187330e6cfdee67c567188b125f17d4') in 0.102957 seconds 
========================================================================
Received Import Request.
  Time since last request: 0.000037 seconds.
  path: Assets/PartyMonsterRumblePBR/Prefab/C29.prefab
  artifactKey: Guid(01dcdf60c1d6fa34ebc7e5919798b766) Importer(815301076,1909f56bfc062723c751e8b465ee728b)
Start importing Assets/PartyMonsterRumblePBR/Prefab/C29.prefab using Guid(01dcdf60c1d6fa34ebc7e5919798b766) Importer(815301076,1909f56bfc062723c751e8b465ee728b)  -> (artifact id: 'e106bee4cc003df0ba158c71b3e398f0') in 0.099712 seconds 
========================================================================
Received Import Request.
  Time since last request: 0.000032 seconds.
  path: Assets/PartyMonsterRumblePBR/Prefab/C10.prefab
  artifactKey: Guid(e5b3d0116c8004945a256cad1d5010de) Importer(815301076,1909f56bfc062723c751e8b465ee728b)
Start importing Assets/PartyMonsterRumblePBR/Prefab/C10.prefab using Guid(e5b3d0116c8004945a256cad1d5010de) Importer(815301076,1909f56bfc062723c751e8b465ee728b)  -> (artifact id: '11ec82de33bf48bfb7192584a538949e') in 0.101175 seconds 
========================================================================
Received Import Request.
  Time since last request: 0.000051 seconds.
  path: Assets/PartyMonsterRumblePBR/Prefab/C20.prefab
  artifactKey: Guid(e0d62ce80e9e8864e891ea93f63c4b12) Importer(815301076,1909f56bfc062723c751e8b465ee728b)
Start importing Assets/PartyMonsterRumblePBR/Prefab/C20.prefab using Guid(e0d62ce80e9e8864e891ea93f63c4b12) Importer(815301076,1909f56bfc062723c751e8b465ee728b)  -> (artifact id: 'ab84bdc810f5bcfe58d346ec457f7aa8') in 0.106065 seconds 
========================================================================
Received Import Request.
  Time since last request: 0.000023 seconds.
  path: Assets/PartyMonsterRumblePBR/Prefab/C12.prefab
  artifactKey: Guid(3303665aa56da054d862fe7c90724a26) Importer(815301076,1909f56bfc062723c751e8b465ee728b)
Start importing Assets/PartyMonsterRumblePBR/Prefab/C12.prefab using Guid(3303665aa56da054d862fe7c90724a26) Importer(815301076,1909f56bfc062723c751e8b465ee728b)  -> (artifact id: 'e6834d352a3818c66998d48e3e5e738c') in 0.096464 seconds 
========================================================================
Received Import Request.
  Time since last request: 0.000063 seconds.
  path: Assets/PartyMonsterRumblePBR/Prefab/C27.prefab
  artifactKey: Guid(a35bb5ac564c7b64782050fc21b8aeaf) Importer(815301076,1909f56bfc062723c751e8b465ee728b)
Start importing Assets/PartyMonsterRumblePBR/Prefab/C27.prefab using Guid(a35bb5ac564c7b64782050fc21b8aeaf) Importer(815301076,1909f56bfc062723c751e8b465ee728b)  -> (artifact id: '1c5f3ae1a0fbec483b2788764fb70b0e') in 0.104573 seconds 
========================================================================
Received Import Request.
  Time since last request: 0.000044 seconds.
  path: Assets/PartyMonsterRumblePBR/Prefab/C25.prefab
  artifactKey: Guid(5f112d4a1164a1f40952256e3c57a56b) Importer(815301076,1909f56bfc062723c751e8b465ee728b)
Start importing Assets/PartyMonsterRumblePBR/Prefab/C25.prefab using Guid(5f112d4a1164a1f40952256e3c57a56b) Importer(815301076,1909f56bfc062723c751e8b465ee728b)  -> (artifact id: 'dca212f8bcb03bbb2cbb7e4b31cb0a34') in 0.099186 seconds 
========================================================================
Received Import Request.
  Time since last request: 0.000033 seconds.
  path: Assets/PartyMonsterRumblePBR/Prefab/C15.prefab
  artifactKey: Guid(b326306deca359c43a50feabaefb0b0a) Importer(815301076,1909f56bfc062723c751e8b465ee728b)
Start importing Assets/PartyMonsterRumblePBR/Prefab/C15.prefab using Guid(b326306deca359c43a50feabaefb0b0a) Importer(815301076,1909f56bfc062723c751e8b465ee728b)  -> (artifact id: 'c73149d8dc228e489bf29e8a1dc5f42b') in 0.102550 seconds 
========================================================================
Received Import Request.
  Time since last request: 0.000029 seconds.
  path: Assets/PartyMonsterRumblePBR/Prefab/C05.prefab
  artifactKey: Guid(e15ae7e93d7c6e3408bc1b2117e8cc1c) Importer(815301076,1909f56bfc062723c751e8b465ee728b)
Start importing Assets/PartyMonsterRumblePBR/Prefab/C05.prefab using Guid(e15ae7e93d7c6e3408bc1b2117e8cc1c) Importer(815301076,1909f56bfc062723c751e8b465ee728b)  -> (artifact id: 'a8e6eb3b38e37dc26863de932be1f2ba') in 0.107045 seconds 
========================================================================
Received Import Request.
  Time since last request: 0.000048 seconds.
  path: Assets/PartyMonsterRumblePBR/Prefab/C06.prefab
  artifactKey: Guid(2fb63a7ec3b551544a37f42cc2de7721) Importer(815301076,1909f56bfc062723c751e8b465ee728b)
Start importing Assets/PartyMonsterRumblePBR/Prefab/C06.prefab using Guid(2fb63a7ec3b551544a37f42cc2de7721) Importer(815301076,1909f56bfc062723c751e8b465ee728b)  -> (artifact id: 'b94e1cf26297406fcd8c2a17fba6f6c7') in 0.100258 seconds 
========================================================================
Received Import Request.
  Time since last request: 0.000051 seconds.
  path: Assets/PartyMonsterRumblePBR/Prefab/MaskTint02.prefab
  artifactKey: Guid(5b357e1eac2170549ad4c4afe33cb1c7) Importer(815301076,1909f56bfc062723c751e8b465ee728b)
Start importing Assets/PartyMonsterRumblePBR/Prefab/MaskTint02.prefab using Guid(5b357e1eac2170549ad4c4afe33cb1c7) Importer(815301076,1909f56bfc062723c751e8b465ee728b)  -> (artifact id: '02b4b1804c52ff6ba40b13737b615026') in 0.107224 seconds 
========================================================================
Received Import Request.
  Time since last request: 0.000033 seconds.
  path: Assets/PartyMonsterRumblePBR/Prefab/C30.prefab
  artifactKey: Guid(c0e55454a50a4a442b052356cf5b2689) Importer(815301076,1909f56bfc062723c751e8b465ee728b)
Start importing Assets/PartyMonsterRumblePBR/Prefab/C30.prefab using Guid(c0e55454a50a4a442b052356cf5b2689) Importer(815301076,1909f56bfc062723c751e8b465ee728b)  -> (artifact id: '319ffad6e46d74dbfd8f1f70ada05859') in 0.102898 seconds 
========================================================================
Received Import Request.
  Time since last request: 0.000039 seconds.
  path: Assets/PartyMonsterRumblePBR/Prefab/C08.prefab
  artifactKey: Guid(ba7c124f48cd34a48941728ec908edd6) Importer(815301076,1909f56bfc062723c751e8b465ee728b)
Start importing Assets/PartyMonsterRumblePBR/Prefab/C08.prefab using Guid(ba7c124f48cd34a48941728ec908edd6) Importer(815301076,1909f56bfc062723c751e8b465ee728b)  -> (artifact id: '88ad785b808d5462122e12a51613c621') in 0.105580 seconds 
========================================================================
Received Import Request.
  Time since last request: 0.000030 seconds.
  path: Assets/PartyMonsterRumblePBR/Prefab/C14.prefab
  artifactKey: Guid(441b582e73489f34ba5fab89d2febe57) Importer(815301076,1909f56bfc062723c751e8b465ee728b)
Start importing Assets/PartyMonsterRumblePBR/Prefab/C14.prefab using Guid(441b582e73489f34ba5fab89d2febe57) Importer(815301076,1909f56bfc062723c751e8b465ee728b)  -> (artifact id: 'd4fdf48c5df52b7a1fafffeeb4ff7896') in 0.106148 seconds 
========================================================================
Received Import Request.
  Time since last request: 0.000046 seconds.
  path: Assets/PartyMonsterRumblePBR/Prefab/C18.prefab
  artifactKey: Guid(838b594956260bd418ece625eced6b0e) Importer(815301076,1909f56bfc062723c751e8b465ee728b)
Start importing Assets/PartyMonsterRumblePBR/Prefab/C18.prefab using Guid(838b594956260bd418ece625eced6b0e) Importer(815301076,1909f56bfc062723c751e8b465ee728b)  -> (artifact id: '055560ac16e0e4951e81014f4e548ffa') in 0.099857 seconds 
========================================================================
Received Prepare
Registering precompiled user dll's ...
Registered in 0.007633 seconds.
Begin MonoManager ReloadAssembly
Symbol file LoadedFromMemory doesn't match image C:\Users\tegel\Documents\GitHub\Workshop1\My project\Library\PackageCache\com.unity.visualscripting@1.7.8\Editor\VisualScripting.Core\Dependencies\YamlDotNet\Unity.VisualScripting.YamlDotNet.dll
Symbol file LoadedFromMemory doesn't match image C:\Users\tegel\Documents\GitHub\Workshop1\My project\Library\PackageCache\com.unity.visualscripting@1.7.8\Editor\VisualScripting.Core\Dependencies\DotNetZip\Unity.VisualScripting.IonicZip.dll
Native extension for WindowsStandalone target not found
Native extension for WebGL target not found
Refreshing native plugins compatible for Editor in 1.04 ms, found 3 plugins.
Preloading 0 native plugins for Editor in 0.00 ms.
Mono: successfully reloaded assembly
- Completed reload, in  1.404 seconds
Domain Reload Profiling:
	ReloadAssembly (1407ms)
		BeginReloadAssembly (168ms)
			ExecutionOrderSort (0ms)
			DisableScriptedObjects (5ms)
			BackupInstance (0ms)
			ReleaseScriptingObjects (0ms)
			CreateAndSetChildDomain (44ms)
		EndReloadAssembly (1115ms)
			LoadAssemblies (119ms)
			RebuildTransferFunctionScriptingTraits (0ms)
			SetupTypeCache (364ms)
			ReleaseScriptCaches (2ms)
			RebuildScriptCaches (65ms)
			SetupLoadedEditorAssemblies (481ms)
				LogAssemblyErrors (0ms)
				InitializePlatformSupportModulesInManaged (23ms)
				SetLoadedEditorAssemblies (1ms)
				RefreshPlugins (1ms)
				BeforeProcessingInitializeOnLoad (89ms)
				ProcessInitializeOnLoadAttributes (317ms)
				ProcessInitializeOnLoadMethodAttributes (36ms)
				AfterProcessingInitializeOnLoad (14ms)
				EditorAssembliesLoaded (0ms)
			ExecutionOrderSort2 (0ms)
			AwakeInstancesAfterBackupRestoration (19ms)
Platform modules already initialized, skipping
Refreshing native plugins compatible for Editor in 3.25 ms, found 3 plugins.
Preloading 0 native plugins for Editor in 0.00 ms.
Unloading 3226 Unused Serialized files (Serialized files now loaded: 0)
Unloading 17 unused Assets / (24.6 KB). Loaded Objects now: 3765.
Memory consumption went from 144.2 MB to 144.2 MB.
Total: 5.679300 ms (FindLiveObjects: 0.394800 ms CreateObjectMapping: 0.212500 ms MarkObjects: 5.024700 ms  DeleteObjects: 0.045500 ms)

AssetImportParameters requested are different than current active one (requested -> active):
  custom:video-decoder-ogg-theora: a1e56fd34408186e4bbccfd4996cb3dc -> 
  custom:container-muxer-webm: aa71ff27fc2769a1b78a27578f13a17b -> 
  custom:container-demuxer-webm: 4f35f7cbe854078d1ac9338744f61a02 -> 
  custom:video-encoder-webm-vp8: eb34c28f22e8b96e1ab97ce403110664 -> 
  custom:audio-encoder-webm-vorbis: bf7c407c2cedff20999df2af8eb42d56 -> 
  custom:framework-win-MediaFoundation: 216162199b28c13a410421893ffa2e32 -> 
  custom:container-demuxer-ogg: 62fdf1f143b41e24485cea50d1cbac27 -> 
  custom:video-decoder-webm-vp8: 9c59270c3fd7afecdb556c50c9e8de78 -> 
  custom:audio-decoder-ogg-vorbis: bf7c407c2cedff20999df2af8eb42d56 -> 
========================================================================
Received Prepare
Registering precompiled user dll's ...
Registered in 0.007797 seconds.
Begin MonoManager ReloadAssembly
Symbol file LoadedFromMemory doesn't match image C:\Users\tegel\Documents\GitHub\Workshop1\My project\Library\PackageCache\com.unity.visualscripting@1.7.8\Editor\VisualScripting.Core\Dependencies\YamlDotNet\Unity.VisualScripting.YamlDotNet.dll
Symbol file LoadedFromMemory doesn't match image C:\Users\tegel\Documents\GitHub\Workshop1\My project\Library\PackageCache\com.unity.visualscripting@1.7.8\Editor\VisualScripting.Core\Dependencies\DotNetZip\Unity.VisualScripting.IonicZip.dll
Native extension for WindowsStandalone target not found
Native extension for WebGL target not found
Refreshing native plugins compatible for Editor in 0.96 ms, found 3 plugins.
Preloading 0 native plugins for Editor in 0.00 ms.
Mono: successfully reloaded assembly
- Completed reload, in  1.536 seconds
Domain Reload Profiling:
	ReloadAssembly (1537ms)
		BeginReloadAssembly (175ms)
			ExecutionOrderSort (0ms)
			DisableScriptedObjects (10ms)
			BackupInstance (0ms)
			ReleaseScriptingObjects (0ms)
			CreateAndSetChildDomain (45ms)
		EndReloadAssembly (1170ms)
			LoadAssemblies (123ms)
			RebuildTransferFunctionScriptingTraits (0ms)
			SetupTypeCache (368ms)
			ReleaseScriptCaches (1ms)
			RebuildScriptCaches (73ms)
			SetupLoadedEditorAssemblies (542ms)
				LogAssemblyErrors (0ms)
				InitializePlatformSupportModulesInManaged (25ms)
				SetLoadedEditorAssemblies (1ms)
				RefreshPlugins (1ms)
				BeforeProcessingInitializeOnLoad (93ms)
				ProcessInitializeOnLoadAttributes (367ms)
				ProcessInitializeOnLoadMethodAttributes (40ms)
				AfterProcessingInitializeOnLoad (14ms)
				EditorAssembliesLoaded (0ms)
			ExecutionOrderSort2 (0ms)
			AwakeInstancesAfterBackupRestoration (14ms)
Platform modules already initialized, skipping
Refreshing native plugins compatible for Editor in 3.09 ms, found 3 plugins.
Preloading 0 native plugins for Editor in 0.00 ms.
Unloading 3226 Unused Serialized files (Serialized files now loaded: 0)
Unloading 17 unused Assets / (24.6 KB). Loaded Objects now: 3768.
Memory consumption went from 144.2 MB to 144.2 MB.
Total: 5.384700 ms (FindLiveObjects: 0.324800 ms CreateObjectMapping: 0.461300 ms MarkObjects: 4.563500 ms  DeleteObjects: 0.034100 ms)

AssetImportParameters requested are different than current active one (requested -> active):
  custom:video-decoder-ogg-theora: a1e56fd34408186e4bbccfd4996cb3dc -> 
  custom:container-muxer-webm: aa71ff27fc2769a1b78a27578f13a17b -> 
  custom:container-demuxer-webm: 4f35f7cbe854078d1ac9338744f61a02 -> 
  custom:video-encoder-webm-vp8: eb34c28f22e8b96e1ab97ce403110664 -> 
  custom:audio-encoder-webm-vorbis: bf7c407c2cedff20999df2af8eb42d56 -> 
  custom:framework-win-MediaFoundation: 216162199b28c13a410421893ffa2e32 -> 
  custom:container-demuxer-ogg: 62fdf1f143b41e24485cea50d1cbac27 -> 
  custom:video-decoder-webm-vp8: 9c59270c3fd7afecdb556c50c9e8de78 -> 
  custom:audio-decoder-ogg-vorbis: bf7c407c2cedff20999df2af8eb42d56 -> 
========================================================================
Received Prepare
Registering precompiled user dll's ...
Registered in 0.007636 seconds.
Begin MonoManager ReloadAssembly
Symbol file LoadedFromMemory doesn't match image C:\Users\tegel\Documents\GitHub\Workshop1\My project\Library\PackageCache\com.unity.visualscripting@1.7.8\Editor\VisualScripting.Core\Dependencies\YamlDotNet\Unity.VisualScripting.YamlDotNet.dll
Symbol file LoadedFromMemory doesn't match image C:\Users\tegel\Documents\GitHub\Workshop1\My project\Library\PackageCache\com.unity.visualscripting@1.7.8\Editor\VisualScripting.Core\Dependencies\DotNetZip\Unity.VisualScripting.IonicZip.dll
Native extension for WindowsStandalone target not found
Native extension for WebGL target not found
Refreshing native plugins compatible for Editor in 1.24 ms, found 3 plugins.
Preloading 0 native plugins for Editor in 0.00 ms.
Mono: successfully reloaded assembly
- Completed reload, in  1.478 seconds
Domain Reload Profiling:
	ReloadAssembly (1479ms)
		BeginReloadAssembly (176ms)
			ExecutionOrderSort (0ms)
			DisableScriptedObjects (7ms)
			BackupInstance (0ms)
			ReleaseScriptingObjects (0ms)
			CreateAndSetChildDomain (44ms)
		EndReloadAssembly (1181ms)
			LoadAssemblies (121ms)
			RebuildTransferFunctionScriptingTraits (0ms)
			SetupTypeCache (405ms)
			ReleaseScriptCaches (2ms)
			RebuildScriptCaches (67ms)
			SetupLoadedEditorAssemblies (519ms)
				LogAssemblyErrors (0ms)
				InitializePlatformSupportModulesInManaged (26ms)
				SetLoadedEditorAssemblies (1ms)
				RefreshPlugins (1ms)
				BeforeProcessingInitializeOnLoad (95ms)
				ProcessInitializeOnLoadAttributes (342ms)
				ProcessInitializeOnLoadMethodAttributes (41ms)
				AfterProcessingInitializeOnLoad (14ms)
				EditorAssembliesLoaded (0ms)
			ExecutionOrderSort2 (0ms)
			AwakeInstancesAfterBackupRestoration (12ms)
Platform modules already initialized, skipping
Refreshing native plugins compatible for Editor in 5.82 ms, found 3 plugins.
Preloading 0 native plugins for Editor in 0.00 ms.
Unloading 3226 Unused Serialized files (Serialized files now loaded: 0)
Unloading 17 unused Assets / (24.6 KB). Loaded Objects now: 3771.
Memory consumption went from 144.2 MB to 144.2 MB.
Total: 3.274600 ms (FindLiveObjects: 0.359600 ms CreateObjectMapping: 0.226900 ms MarkObjects: 2.647400 ms  DeleteObjects: 0.039700 ms)

AssetImportParameters requested are different than current active one (requested -> active):
  custom:video-decoder-ogg-theora: a1e56fd34408186e4bbccfd4996cb3dc -> 
  custom:container-muxer-webm: aa71ff27fc2769a1b78a27578f13a17b -> 
  custom:container-demuxer-webm: 4f35f7cbe854078d1ac9338744f61a02 -> 
  custom:video-encoder-webm-vp8: eb34c28f22e8b96e1ab97ce403110664 -> 
  custom:audio-encoder-webm-vorbis: bf7c407c2cedff20999df2af8eb42d56 -> 
  custom:framework-win-MediaFoundation: 216162199b28c13a410421893ffa2e32 -> 
  custom:container-demuxer-ogg: 62fdf1f143b41e24485cea50d1cbac27 -> 
  custom:video-decoder-webm-vp8: 9c59270c3fd7afecdb556c50c9e8de78 -> 
  custom:audio-decoder-ogg-vorbis: bf7c407c2cedff20999df2af8eb42d56 -> 
========================================================================
Received Prepare
Registering precompiled user dll's ...
Registered in 0.007800 seconds.
Begin MonoManager ReloadAssembly
Symbol file LoadedFromMemory doesn't match image C:\Users\tegel\Documents\GitHub\Workshop1\My project\Library\PackageCache\com.unity.visualscripting@1.7.8\Editor\VisualScripting.Core\Dependencies\YamlDotNet\Unity.VisualScripting.YamlDotNet.dll
Symbol file LoadedFromMemory doesn't match image C:\Users\tegel\Documents\GitHub\Workshop1\My project\Library\PackageCache\com.unity.visualscripting@1.7.8\Editor\VisualScripting.Core\Dependencies\DotNetZip\Unity.VisualScripting.IonicZip.dll
Native extension for WindowsStandalone target not found
Native extension for WebGL target not found
Refreshing native plugins compatible for Editor in 1.14 ms, found 3 plugins.
Preloading 0 native plugins for Editor in 0.00 ms.
Mono: successfully reloaded assembly
- Completed reload, in  1.432 seconds
Domain Reload Profiling:
	ReloadAssembly (1433ms)
		BeginReloadAssembly (180ms)
			ExecutionOrderSort (0ms)
			DisableScriptedObjects (8ms)
			BackupInstance (0ms)
			ReleaseScriptingObjects (0ms)
			CreateAndSetChildDomain (45ms)
		EndReloadAssembly (1135ms)
			LoadAssemblies (128ms)
			RebuildTransferFunctionScriptingTraits (0ms)
			SetupTypeCache (347ms)
			ReleaseScriptCaches (2ms)
			RebuildScriptCaches (66ms)
			SetupLoadedEditorAssemblies (528ms)
				LogAssemblyErrors (0ms)
				InitializePlatformSupportModulesInManaged (26ms)
				SetLoadedEditorAssemblies (1ms)
				RefreshPlugins (1ms)
				BeforeProcessingInitializeOnLoad (104ms)
				ProcessInitializeOnLoadAttributes (332ms)
				ProcessInitializeOnLoadMethodAttributes (46ms)
				AfterProcessingInitializeOnLoad (17ms)
				EditorAssembliesLoaded (0ms)
			ExecutionOrderSort2 (0ms)
			AwakeInstancesAfterBackupRestoration (15ms)
Platform modules already initialized, skipping
Refreshing native plugins compatible for Editor in 3.72 ms, found 3 plugins.
Preloading 0 native plugins for Editor in 0.00 ms.
Unloading 3226 Unused Serialized files (Serialized files now loaded: 0)
Unloading 17 unused Assets / (24.7 KB). Loaded Objects now: 3774.
Memory consumption went from 144.2 MB to 144.2 MB.
Total: 5.104900 ms (FindLiveObjects: 0.690300 ms CreateObjectMapping: 0.719200 ms MarkObjects: 3.665200 ms  DeleteObjects: 0.029200 ms)

AssetImportParameters requested are different than current active one (requested -> active):
  custom:video-decoder-ogg-theora: a1e56fd34408186e4bbccfd4996cb3dc -> 
  custom:container-muxer-webm: aa71ff27fc2769a1b78a27578f13a17b -> 
  custom:container-demuxer-webm: 4f35f7cbe854078d1ac9338744f61a02 -> 
  custom:video-encoder-webm-vp8: eb34c28f22e8b96e1ab97ce403110664 -> 
  custom:audio-encoder-webm-vorbis: bf7c407c2cedff20999df2af8eb42d56 -> 
  custom:framework-win-MediaFoundation: 216162199b28c13a410421893ffa2e32 -> 
  custom:container-demuxer-ogg: 62fdf1f143b41e24485cea50d1cbac27 -> 
  custom:video-decoder-webm-vp8: 9c59270c3fd7afecdb556c50c9e8de78 -> 
  custom:audio-decoder-ogg-vorbis: bf7c407c2cedff20999df2af8eb42d56 -> 
