Using pre-set license
Built from '2021.3/staging' branch; Version is '2021.3.16f1 (4016570cf34f) revision 4200023'; Using compiler version '192829333'; Build Type 'Release'
OS: 'Windows 10  (10.0.19045) 64bit Core' Language: 'en' Physical Memory: 16249 MB
BatchMode: 1, IsHumanControllingUs: 0, StartBugReporterOnCrash: 0, Is64bit: 1, IsPro: 1

COMMAND LINE ARGUMENTS:
C:\Program Files\Unity\Hub\Editor\2021.3.16f1\Editor\Unity.exe
-adb2
-batchMode
-noUpm
-name
AssetImportWorker1
-projectPath
C:/Users/tegel/Documents/GitHub/Workshop1/My project
-logFile
Logs/AssetImportWorker1.log
-srvPort
49631
Successfully changed project path to: C:/Users/tegel/Documents/GitHub/Workshop1/My project
C:/Users/tegel/Documents/GitHub/Workshop1/My project
[UnityMemory] Configuration Parameters - Can be set up in boot.config
    "memorysetup-bucket-allocator-granularity=16"
    "memorysetup-bucket-allocator-bucket-count=8"
    "memorysetup-bucket-allocator-block-size=33554432"
    "memorysetup-bucket-allocator-block-count=8"
    "memorysetup-main-allocator-block-size=16777216"
    "memorysetup-thread-allocator-block-size=16777216"
    "memorysetup-gfx-main-allocator-block-size=16777216"
    "memorysetup-gfx-thread-allocator-block-size=16777216"
    "memorysetup-cache-allocator-block-size=4194304"
    "memorysetup-typetree-allocator-block-size=2097152"
    "memorysetup-profiler-bucket-allocator-granularity=16"
    "memorysetup-profiler-bucket-allocator-bucket-count=8"
    "memorysetup-profiler-bucket-allocator-block-size=33554432"
    "memorysetup-profiler-bucket-allocator-block-count=8"
    "memorysetup-profiler-allocator-block-size=16777216"
    "memorysetup-profiler-editor-allocator-block-size=1048576"
    "memorysetup-temp-allocator-size-main=16777216"
    "memorysetup-job-temp-allocator-block-size=2097152"
    "memorysetup-job-temp-allocator-block-size-background=1048576"
    "memorysetup-job-temp-allocator-reduction-small-platforms=262144"
    "memorysetup-temp-allocator-size-background-worker=32768"
    "memorysetup-temp-allocator-size-job-worker=262144"
    "memorysetup-temp-allocator-size-preload-manager=33554432"
    "memorysetup-temp-allocator-size-nav-mesh-worker=65536"
    "memorysetup-temp-allocator-size-audio-worker=65536"
    "memorysetup-temp-allocator-size-cloud-worker=32768"
    "memorysetup-temp-allocator-size-gi-baking-worker=262144"
    "memorysetup-temp-allocator-size-gfx=262144"
Player connection [8484] Host "[IP] 192.168.1.203 [Port] 0 [Flags] 2 [Guid] 1205895394 [EditorId] 1205895394 [Version] 1048832 [Id] WindowsEditor(7,DESKTOP-4FGO5O2) [Debug] 1 [PackageName] WindowsEditor [ProjectName] Editor" joined multi-casting on [225.0.0.222:54997]...

Player connection [8484] Host "[IP] 192.168.1.203 [Port] 0 [Flags] 2 [Guid] 1205895394 [EditorId] 1205895394 [Version] 1048832 [Id] WindowsEditor(7,DESKTOP-4FGO5O2) [Debug] 1 [PackageName] WindowsEditor [ProjectName] Editor" joined alternative multi-casting on [225.0.0.222:34997]...

Refreshing native plugins compatible for Editor in 101.59 ms, found 3 plugins.
Preloading 0 native plugins for Editor in 0.00 ms.
Initialize engine version: 2021.3.16f1 (4016570cf34f)
[Subsystems] Discovering subsystems at path C:/Program Files/Unity/Hub/Editor/2021.3.16f1/Editor/Data/Resources/UnitySubsystems
[Subsystems] Discovering subsystems at path C:/Users/tegel/Documents/GitHub/Workshop1/My project/Assets
GfxDevice: creating device client; threaded=0; jobified=0
Direct3D:
    Version:  Direct3D 11.0 [level 11.1]
    Renderer: NVIDIA GeForce RTX 2070 (ID=0x1f02)
    Vendor:   NVIDIA
    VRAM:     8019 MB
    Driver:   31.0.15.2756
Initialize mono
Mono path[0] = 'C:/Program Files/Unity/Hub/Editor/2021.3.16f1/Editor/Data/Managed'
Mono path[1] = 'C:/Program Files/Unity/Hub/Editor/2021.3.16f1/Editor/Data/MonoBleedingEdge/lib/mono/unityjit-win32'
Mono config path = 'C:/Program Files/Unity/Hub/Editor/2021.3.16f1/Editor/Data/MonoBleedingEdge/etc'
Using monoOptions --debugger-agent=transport=dt_socket,embedding=1,server=y,suspend=n,address=127.0.0.1:56392
Begin MonoManager ReloadAssembly
Registering precompiled unity dll's ...
Register platform support module: C:/Program Files/Unity/Hub/Editor/2021.3.16f1/Editor/Data/PlaybackEngines/WebGLSupport/UnityEditor.WebGL.Extensions.dll
Register platform support module: C:/Program Files/Unity/Hub/Editor/2021.3.16f1/Editor/Data/PlaybackEngines/WindowsStandaloneSupport/UnityEditor.WindowsStandalone.Extensions.dll
Registered in 0.015518 seconds.
Native extension for WindowsStandalone target not found
Native extension for WebGL target not found
Refreshing native plugins compatible for Editor in 82.05 ms, found 3 plugins.
Preloading 0 native plugins for Editor in 0.00 ms.
Mono: successfully reloaded assembly
- Completed reload, in  0.968 seconds
Domain Reload Profiling:
	ReloadAssembly (969ms)
		BeginReloadAssembly (165ms)
			ExecutionOrderSort (0ms)
			DisableScriptedObjects (0ms)
			BackupInstance (0ms)
			ReleaseScriptingObjects (0ms)
			CreateAndSetChildDomain (1ms)
		EndReloadAssembly (631ms)
			LoadAssemblies (162ms)
			RebuildTransferFunctionScriptingTraits (0ms)
			SetupTypeCache (184ms)
			ReleaseScriptCaches (0ms)
			RebuildScriptCaches (33ms)
			SetupLoadedEditorAssemblies (341ms)
				LogAssemblyErrors (0ms)
				InitializePlatformSupportModulesInManaged (14ms)
				SetLoadedEditorAssemblies (0ms)
				RefreshPlugins (82ms)
				BeforeProcessingInitializeOnLoad (2ms)
				ProcessInitializeOnLoadAttributes (182ms)
				ProcessInitializeOnLoadMethodAttributes (60ms)
				AfterProcessingInitializeOnLoad (0ms)
				EditorAssembliesLoaded (0ms)
			ExecutionOrderSort2 (0ms)
			AwakeInstancesAfterBackupRestoration (0ms)
Platform modules already initialized, skipping
Registering precompiled user dll's ...
Registered in 0.007158 seconds.
Begin MonoManager ReloadAssembly
Symbol file LoadedFromMemory doesn't match image C:\Users\tegel\Documents\GitHub\Workshop1\My project\Library\PackageCache\com.unity.visualscripting@1.7.8\Editor\VisualScripting.Core\Dependencies\YamlDotNet\Unity.VisualScripting.YamlDotNet.dll
Symbol file LoadedFromMemory doesn't match image C:\Users\tegel\Documents\GitHub\Workshop1\My project\Library\PackageCache\com.unity.visualscripting@1.7.8\Editor\VisualScripting.Core\Dependencies\DotNetZip\Unity.VisualScripting.IonicZip.dll
Native extension for WindowsStandalone target not found
Native extension for WebGL target not found
Refreshing native plugins compatible for Editor in 0.56 ms, found 3 plugins.
Preloading 0 native plugins for Editor in 0.00 ms.
Mono: successfully reloaded assembly
- Completed reload, in  1.308 seconds
Domain Reload Profiling:
	ReloadAssembly (1309ms)
		BeginReloadAssembly (152ms)
			ExecutionOrderSort (0ms)
			DisableScriptedObjects (7ms)
			BackupInstance (0ms)
			ReleaseScriptingObjects (0ms)
			CreateAndSetChildDomain (23ms)
		EndReloadAssembly (1021ms)
			LoadAssemblies (109ms)
			RebuildTransferFunctionScriptingTraits (0ms)
			SetupTypeCache (270ms)
			ReleaseScriptCaches (1ms)
			RebuildScriptCaches (65ms)
			SetupLoadedEditorAssemblies (529ms)
				LogAssemblyErrors (0ms)
				InitializePlatformSupportModulesInManaged (11ms)
				SetLoadedEditorAssemblies (1ms)
				RefreshPlugins (1ms)
				BeforeProcessingInitializeOnLoad (100ms)
				ProcessInitializeOnLoadAttributes (376ms)
				ProcessInitializeOnLoadMethodAttributes (31ms)
				AfterProcessingInitializeOnLoad (10ms)
				EditorAssembliesLoaded (0ms)
			ExecutionOrderSort2 (0ms)
			AwakeInstancesAfterBackupRestoration (11ms)
Platform modules already initialized, skipping
========================================================================
Worker process is ready to serve import requests
Launched and connected shader compiler UnityShaderCompiler.exe after 0.05 seconds
Refreshing native plugins compatible for Editor in 0.91 ms, found 3 plugins.
Preloading 0 native plugins for Editor in 0.00 ms.
Unloading 3233 Unused Serialized files (Serialized files now loaded: 0)
Unloading 23 unused Assets / (30.2 KB). Loaded Objects now: 3709.
Memory consumption went from 124.5 MB to 124.4 MB.
Total: 6.779400 ms (FindLiveObjects: 0.381000 ms CreateObjectMapping: 0.230700 ms MarkObjects: 6.129400 ms  DeleteObjects: 0.036600 ms)

AssetImportParameters requested are different than current active one (requested -> active):
  custom:video-decoder-ogg-theora: a1e56fd34408186e4bbccfd4996cb3dc -> 
  custom:container-muxer-webm: aa71ff27fc2769a1b78a27578f13a17b -> 
  custom:container-demuxer-webm: 4f35f7cbe854078d1ac9338744f61a02 -> 
  custom:video-encoder-webm-vp8: eb34c28f22e8b96e1ab97ce403110664 -> 
  custom:audio-encoder-webm-vorbis: bf7c407c2cedff20999df2af8eb42d56 -> 
  custom:framework-win-MediaFoundation: 216162199b28c13a410421893ffa2e32 -> 
  custom:container-demuxer-ogg: 62fdf1f143b41e24485cea50d1cbac27 -> 
  custom:video-decoder-webm-vp8: 9c59270c3fd7afecdb556c50c9e8de78 -> 
  custom:audio-decoder-ogg-vorbis: bf7c407c2cedff20999df2af8eb42d56 -> 
========================================================================
Received Import Request.
  Time since last request: 680682.761163 seconds.
  path: Assets/New Material 1.mat
  artifactKey: Guid(8338b8a9128d1b44caa8aafc8683a199) Importer(815301076,1909f56bfc062723c751e8b465ee728b)
Start importing Assets/New Material 1.mat using Guid(8338b8a9128d1b44caa8aafc8683a199) Importer(815301076,1909f56bfc062723c751e8b465ee728b)  -> (artifact id: '26eb581ed9a1479a8ebbb4005a127260') in 0.233735 seconds 
========================================================================
Received Prepare
Registering precompiled user dll's ...
Registered in 0.007827 seconds.
Begin MonoManager ReloadAssembly
Symbol file LoadedFromMemory doesn't match image C:\Users\tegel\Documents\GitHub\Workshop1\My project\Library\PackageCache\com.unity.visualscripting@1.7.8\Editor\VisualScripting.Core\Dependencies\YamlDotNet\Unity.VisualScripting.YamlDotNet.dll
Symbol file LoadedFromMemory doesn't match image C:\Users\tegel\Documents\GitHub\Workshop1\My project\Library\PackageCache\com.unity.visualscripting@1.7.8\Editor\VisualScripting.Core\Dependencies\DotNetZip\Unity.VisualScripting.IonicZip.dll
Native extension for WindowsStandalone target not found
Native extension for WebGL target not found
Refreshing native plugins compatible for Editor in 0.66 ms, found 3 plugins.
Preloading 0 native plugins for Editor in 0.00 ms.
Mono: successfully reloaded assembly
- Completed reload, in  1.447 seconds
Domain Reload Profiling:
	ReloadAssembly (1448ms)
		BeginReloadAssembly (170ms)
			ExecutionOrderSort (0ms)
			DisableScriptedObjects (6ms)
			BackupInstance (0ms)
			ReleaseScriptingObjects (0ms)
			CreateAndSetChildDomain (45ms)
		EndReloadAssembly (1148ms)
			LoadAssemblies (119ms)
			RebuildTransferFunctionScriptingTraits (0ms)
			SetupTypeCache (355ms)
			ReleaseScriptCaches (1ms)
			RebuildScriptCaches (65ms)
			SetupLoadedEditorAssemblies (540ms)
				LogAssemblyErrors (0ms)
				InitializePlatformSupportModulesInManaged (28ms)
				SetLoadedEditorAssemblies (2ms)
				RefreshPlugins (1ms)
				BeforeProcessingInitializeOnLoad (93ms)
				ProcessInitializeOnLoadAttributes (364ms)
				ProcessInitializeOnLoadMethodAttributes (38ms)
				AfterProcessingInitializeOnLoad (14ms)
				EditorAssembliesLoaded (0ms)
			ExecutionOrderSort2 (0ms)
			AwakeInstancesAfterBackupRestoration (12ms)
Platform modules already initialized, skipping
Refreshing native plugins compatible for Editor in 2.52 ms, found 3 plugins.
Preloading 0 native plugins for Editor in 0.00 ms.
Unloading 3226 Unused Serialized files (Serialized files now loaded: 0)
Unloading 17 unused Assets / (24.6 KB). Loaded Objects now: 3753.
Memory consumption went from 128.8 MB to 128.8 MB.
Total: 4.155800 ms (FindLiveObjects: 0.484700 ms CreateObjectMapping: 0.285800 ms MarkObjects: 3.329300 ms  DeleteObjects: 0.054400 ms)

AssetImportParameters requested are different than current active one (requested -> active):
  custom:video-decoder-ogg-theora: a1e56fd34408186e4bbccfd4996cb3dc -> 
  custom:container-muxer-webm: aa71ff27fc2769a1b78a27578f13a17b -> 
  custom:container-demuxer-webm: 4f35f7cbe854078d1ac9338744f61a02 -> 
  custom:video-encoder-webm-vp8: eb34c28f22e8b96e1ab97ce403110664 -> 
  custom:audio-encoder-webm-vorbis: bf7c407c2cedff20999df2af8eb42d56 -> 
  custom:framework-win-MediaFoundation: 216162199b28c13a410421893ffa2e32 -> 
  custom:container-demuxer-ogg: 62fdf1f143b41e24485cea50d1cbac27 -> 
  custom:video-decoder-webm-vp8: 9c59270c3fd7afecdb556c50c9e8de78 -> 
  custom:audio-decoder-ogg-vorbis: bf7c407c2cedff20999df2af8eb42d56 -> 
========================================================================
Received Import Request.
  Time since last request: 113.382536 seconds.
  path: Assets/PartyMonsterRumblePBR/Material/DefaultPBR02.mat
  artifactKey: Guid(ac8c63ca3b81ca041840a9c9d42aa2e2) Importer(815301076,1909f56bfc062723c751e8b465ee728b)
Start importing Assets/PartyMonsterRumblePBR/Material/DefaultPBR02.mat using Guid(ac8c63ca3b81ca041840a9c9d42aa2e2) Importer(815301076,1909f56bfc062723c751e8b465ee728b)  -> (artifact id: 'f3cb4821c1755feaf9073fcbfc98ea5e') in 0.139113 seconds 
========================================================================
Received Import Request.
  Time since last request: 0.000023 seconds.
  path: Assets/PartyMonsterRumblePBR/Material/Skybox_Mat.mat
  artifactKey: Guid(353466c49cf019540bf2ac95815b7c1e) Importer(815301076,1909f56bfc062723c751e8b465ee728b)
Start importing Assets/PartyMonsterRumblePBR/Material/Skybox_Mat.mat using Guid(353466c49cf019540bf2ac95815b7c1e) Importer(815301076,1909f56bfc062723c751e8b465ee728b)  -> (artifact id: 'd1d312cb0167620250685ff743e17e9f') in 0.053744 seconds 
========================================================================
Received Import Request.
  Time since last request: 0.000041 seconds.
  path: Assets/PartyMonsterRumblePBR/Material/MaskTintPBR02.mat
  artifactKey: Guid(446cf1f965acd8b4bbfd39f9c795aef2) Importer(815301076,1909f56bfc062723c751e8b465ee728b)
Start importing Assets/PartyMonsterRumblePBR/Material/MaskTintPBR02.mat using Guid(446cf1f965acd8b4bbfd39f9c795aef2) Importer(815301076,1909f56bfc062723c751e8b465ee728b)  -> (artifact id: 'e3ac24597d261d69816bbc33e895ac7d') in 0.316044 seconds 
========================================================================
Received Import Request.
  Time since last request: 4.565786 seconds.
  path: Assets/PartyMonsterRumblePBR/Texture/MaskTintPBR/SAM02.png
  artifactKey: Guid(493dde90c9666144ba7617f97208ab8d) Importer(815301076,1909f56bfc062723c751e8b465ee728b)
Start importing Assets/PartyMonsterRumblePBR/Texture/MaskTintPBR/SAM02.png using Guid(493dde90c9666144ba7617f97208ab8d) Importer(815301076,1909f56bfc062723c751e8b465ee728b)  -> (artifact id: '8c42497c7204856f04e5f7aa84abd659') in 0.108500 seconds 
========================================================================
Received Import Request.
  Time since last request: 0.000023 seconds.
  path: Assets/PartyMonsterRumblePBR/Texture/MaskTintPBR/Set02_Mask02.png
  artifactKey: Guid(ceae3dc109363fa4891cee365dc56c0e) Importer(815301076,1909f56bfc062723c751e8b465ee728b)
Start importing Assets/PartyMonsterRumblePBR/Texture/MaskTintPBR/Set02_Mask02.png using Guid(ceae3dc109363fa4891cee365dc56c0e) Importer(815301076,1909f56bfc062723c751e8b465ee728b)  -> (artifact id: 'ecd7428e8b0be244169ed72996642919') in 0.040790 seconds 
========================================================================
Received Import Request.
  Time since last request: 3.215797 seconds.
  path: Assets/PartyMonsterRumblePBR/Animation/ForDrill/Attack01_Drill.fbx
  artifactKey: Guid(cc68a4c45a7947b49a124ef5f460c361) Importer(815301076,1909f56bfc062723c751e8b465ee728b)
Start importing Assets/PartyMonsterRumblePBR/Animation/ForDrill/Attack01_Drill.fbx using Guid(cc68a4c45a7947b49a124ef5f460c361) Importer(815301076,1909f56bfc062723c751e8b465ee728b)  -> (artifact id: '379efd08003f22eafe06ceac97dc2654') in 0.130810 seconds 
========================================================================
Received Import Request.
  Time since last request: 0.000073 seconds.
  path: Assets/PartyMonsterRumblePBR/Animation/ForSaw/Attack02_Saw.fbx
  artifactKey: Guid(06ab148c7f0a33646ad76752e7aee5fc) Importer(815301076,1909f56bfc062723c751e8b465ee728b)
Start importing Assets/PartyMonsterRumblePBR/Animation/ForSaw/Attack02_Saw.fbx using Guid(06ab148c7f0a33646ad76752e7aee5fc) Importer(815301076,1909f56bfc062723c751e8b465ee728b)  -> (artifact id: 'c561c0f806e919bf68d8988cff1ffd26') in 0.063825 seconds 
========================================================================
Received Import Request.
  Time since last request: 0.000044 seconds.
  path: Assets/PartyMonsterRumblePBR/Mesh/DefaultCharacterMesh.fbx
  artifactKey: Guid(2b7c51804aef3f445999af66e5132162) Importer(815301076,1909f56bfc062723c751e8b465ee728b)
Start importing Assets/PartyMonsterRumblePBR/Mesh/DefaultCharacterMesh.fbx using Guid(2b7c51804aef3f445999af66e5132162) Importer(815301076,1909f56bfc062723c751e8b465ee728b)  -> (artifact id: '602d32b1586c2bfde92e01923722af2f') in 0.747579 seconds 
========================================================================
Received Import Request.
  Time since last request: 0.000040 seconds.
  path: Assets/PartyMonsterRumblePBR/Animation/ForShark/Attack02_Shark.fbx
  artifactKey: Guid(0cc5cbd85e03b1c489ad9166718e2475) Importer(815301076,1909f56bfc062723c751e8b465ee728b)
Start importing Assets/PartyMonsterRumblePBR/Animation/ForShark/Attack02_Shark.fbx using Guid(0cc5cbd85e03b1c489ad9166718e2475) Importer(815301076,1909f56bfc062723c751e8b465ee728b)  -> (artifact id: 'f1b6d1ccf6f5d67edbf60a6cd6799491') in 0.040048 seconds 
========================================================================
Received Import Request.
  Time since last request: 0.000056 seconds.
  path: Assets/PartyMonsterRumblePBR/Animation/ForDrill/Attack03_Drill.fbx
  artifactKey: Guid(101c17abbc5d24a4cb4d6a7c8dc55f96) Importer(815301076,1909f56bfc062723c751e8b465ee728b)
Start importing Assets/PartyMonsterRumblePBR/Animation/ForDrill/Attack03_Drill.fbx using Guid(101c17abbc5d24a4cb4d6a7c8dc55f96) Importer(815301076,1909f56bfc062723c751e8b465ee728b)  -> (artifact id: '5e9120660153886f642dae58c7b1e548') in 0.042556 seconds 
========================================================================
Received Import Request.
  Time since last request: 0.000026 seconds.
  path: Assets/PartyMonsterRumblePBR/Animation/RootMotion/Run01BWD_AnimLayer_RM.fbx
  artifactKey: Guid(3e282ac4eaf75bf4184e5747d315cc6a) Importer(815301076,1909f56bfc062723c751e8b465ee728b)
Start importing Assets/PartyMonsterRumblePBR/Animation/RootMotion/Run01BWD_AnimLayer_RM.fbx using Guid(3e282ac4eaf75bf4184e5747d315cc6a) Importer(815301076,1909f56bfc062723c751e8b465ee728b)  -> (artifact id: 'c5d589e265f5221c4efeab66471f6eac') in 0.053116 seconds 
========================================================================
Received Import Request.
  Time since last request: 0.000115 seconds.
  path: Assets/PartyMonsterRumblePBR/Animation/Run01Left.fbx
  artifactKey: Guid(bd16700a3d829684c807bec79a473b4f) Importer(815301076,1909f56bfc062723c751e8b465ee728b)
Start importing Assets/PartyMonsterRumblePBR/Animation/Run01Left.fbx using Guid(bd16700a3d829684c807bec79a473b4f) Importer(815301076,1909f56bfc062723c751e8b465ee728b)  -> (artifact id: '96c2b72402d4f1611211d58923490b31') in 0.049795 seconds 
========================================================================
Received Import Request.
  Time since last request: 0.000030 seconds.
  path: Assets/PartyMonsterRumblePBR/Animation/Die02.fbx
  artifactKey: Guid(16e5c3577d166ac48bd63c7c30a04a44) Importer(815301076,1909f56bfc062723c751e8b465ee728b)
Start importing Assets/PartyMonsterRumblePBR/Animation/Die02.fbx using Guid(16e5c3577d166ac48bd63c7c30a04a44) Importer(815301076,1909f56bfc062723c751e8b465ee728b)  -> (artifact id: 'bff53619dde5a741bfc08e77bc66eaa9') in 0.044829 seconds 
========================================================================
Received Import Request.
  Time since last request: 0.000086 seconds.
  path: Assets/PartyMonsterRumblePBR/Animation/RootMotion/Run01Left_RM.fbx
  artifactKey: Guid(4064eaab562bb9243a4221b9a6062025) Importer(815301076,1909f56bfc062723c751e8b465ee728b)
Start importing Assets/PartyMonsterRumblePBR/Animation/RootMotion/Run01Left_RM.fbx using Guid(4064eaab562bb9243a4221b9a6062025) Importer(815301076,1909f56bfc062723c751e8b465ee728b)  -> (artifact id: '3d9b08b6c3ad2f68e79c82c9f1a28cda') in 0.054271 seconds 
========================================================================
Received Import Request.
  Time since last request: 0.000069 seconds.
  path: Assets/PartyMonsterRumblePBR/Animation/Die01Recover.fbx
  artifactKey: Guid(8f6629bd0b93cf747993efbfb8e00c1e) Importer(815301076,1909f56bfc062723c751e8b465ee728b)
Start importing Assets/PartyMonsterRumblePBR/Animation/Die01Recover.fbx using Guid(8f6629bd0b93cf747993efbfb8e00c1e) Importer(815301076,1909f56bfc062723c751e8b465ee728b)  -> (artifact id: 'b0cb64193ffd371c3d5c1f0a57b4c6fd') in 0.040600 seconds 
========================================================================
Received Import Request.
  Time since last request: 0.000040 seconds.
  path: Assets/PartyMonsterRumblePBR/Animation/RootMotion/Run02_AnimLayer_RM.fbx
  artifactKey: Guid(aed76b8976e9f834b8d648760396b06b) Importer(815301076,1909f56bfc062723c751e8b465ee728b)
Start importing Assets/PartyMonsterRumblePBR/Animation/RootMotion/Run02_AnimLayer_RM.fbx using Guid(aed76b8976e9f834b8d648760396b06b) Importer(815301076,1909f56bfc062723c751e8b465ee728b)  -> (artifact id: '1d4339cc29d3261f39980d9197ba2f74') in 0.050345 seconds 
========================================================================
Received Import Request.
  Time since last request: 0.000028 seconds.
  path: Assets/PartyMonsterRumblePBR/Animation/ForAnimationLayer/Run02_AnimLayer.fbx
  artifactKey: Guid(693eac3df7295eb408e07cbd2d57148e) Importer(815301076,1909f56bfc062723c751e8b465ee728b)
Start importing Assets/PartyMonsterRumblePBR/Animation/ForAnimationLayer/Run02_AnimLayer.fbx using Guid(693eac3df7295eb408e07cbd2d57148e) Importer(815301076,1909f56bfc062723c751e8b465ee728b)  -> (artifact id: 'd8f7d01b497d9488271e1a8af2891d14') in 0.046113 seconds 
========================================================================
Received Import Request.
  Time since last request: 0.000029 seconds.
  path: Assets/PartyMonsterRumblePBR/Animation/ForShark/SlideRM_Shark.fbx
  artifactKey: Guid(0e639963f94f73f43bd2f340aa812a2d) Importer(815301076,1909f56bfc062723c751e8b465ee728b)
Start importing Assets/PartyMonsterRumblePBR/Animation/ForShark/SlideRM_Shark.fbx using Guid(0e639963f94f73f43bd2f340aa812a2d) Importer(815301076,1909f56bfc062723c751e8b465ee728b)  -> (artifact id: '8eb3f811901207c7d3110e05eab1a3f5') in 0.047660 seconds 
========================================================================
Received Import Request.
  Time since last request: 0.000051 seconds.
  path: Assets/PartyMonsterRumblePBR/Animation/WalkFWD.fbx
  artifactKey: Guid(799aac959d58e58419a39ae4b65b3926) Importer(815301076,1909f56bfc062723c751e8b465ee728b)
Start importing Assets/PartyMonsterRumblePBR/Animation/WalkFWD.fbx using Guid(799aac959d58e58419a39ae4b65b3926) Importer(815301076,1909f56bfc062723c751e8b465ee728b)  -> (artifact id: '1dbe528a43dfd3fc16fab67c4b965b25') in 0.037351 seconds 
========================================================================
Received Import Request.
  Time since last request: 0.000040 seconds.
  path: Assets/PartyMonsterRumblePBR/Animation/WalkRight.fbx
  artifactKey: Guid(6bb4f3d519cc9584889c67fe5dff0d1b) Importer(815301076,1909f56bfc062723c751e8b465ee728b)
Start importing Assets/PartyMonsterRumblePBR/Animation/WalkRight.fbx using Guid(6bb4f3d519cc9584889c67fe5dff0d1b) Importer(815301076,1909f56bfc062723c751e8b465ee728b)  -> (artifact id: '2eac87392b3c2e41e16420655c0d8505') in 0.047187 seconds 
========================================================================
Received Import Request.
  Time since last request: 0.000041 seconds.
  path: Assets/PartyMonsterRumblePBR/Animation/WalkLeft.fbx
  artifactKey: Guid(2a45e6045498d2c458375bfcdb622735) Importer(815301076,1909f56bfc062723c751e8b465ee728b)
Start importing Assets/PartyMonsterRumblePBR/Animation/WalkLeft.fbx using Guid(2a45e6045498d2c458375bfcdb622735) Importer(815301076,1909f56bfc062723c751e8b465ee728b)  -> (artifact id: '2158b1d368e2d4bacde95d4e917cd5bc') in 0.047087 seconds 
========================================================================
Received Import Request.
  Time since last request: 0.000044 seconds.
  path: Assets/PartyMonsterRumblePBR/Animation/RootMotion/WalkRight_RM.fbx
  artifactKey: Guid(d605c6c0fb530a84a8e09c84697a1894) Importer(815301076,1909f56bfc062723c751e8b465ee728b)
Start importing Assets/PartyMonsterRumblePBR/Animation/RootMotion/WalkRight_RM.fbx using Guid(d605c6c0fb530a84a8e09c84697a1894) Importer(815301076,1909f56bfc062723c751e8b465ee728b)  -> (artifact id: 'da7333db772fa33415c11ccaafa234d1') in 0.047186 seconds 
========================================================================
Received Import Request.
  Time since last request: 0.000034 seconds.
  path: Assets/PartyMonsterRumblePBR/Animation/Throw.fbx
  artifactKey: Guid(4680284bb688d054aa8292315e9c7a25) Importer(815301076,1909f56bfc062723c751e8b465ee728b)
Start importing Assets/PartyMonsterRumblePBR/Animation/Throw.fbx using Guid(4680284bb688d054aa8292315e9c7a25) Importer(815301076,1909f56bfc062723c751e8b465ee728b)  -> (artifact id: '86fe03968d97c6fdac42715fdc95d080') in 0.049201 seconds 
========================================================================
Received Import Request.
  Time since last request: 0.000048 seconds.
  path: Assets/PartyMonsterRumblePBR/Animation/Run01FWD.fbx
  artifactKey: Guid(2a91a7da49a763a42b3bd701ac88fe84) Importer(815301076,1909f56bfc062723c751e8b465ee728b)
Start importing Assets/PartyMonsterRumblePBR/Animation/Run01FWD.fbx using Guid(2a91a7da49a763a42b3bd701ac88fe84) Importer(815301076,1909f56bfc062723c751e8b465ee728b)  -> (artifact id: 'b00058df43560ef1e07ef73964b485e6') in 0.053159 seconds 
========================================================================
Received Import Request.
  Time since last request: 0.000136 seconds.
  path: Assets/PartyMonsterRumblePBR/Animation/ForAnimationLayer/Run01FWD_AnimLayer.fbx
  artifactKey: Guid(46705087d065bfe4a8768838733e8646) Importer(815301076,1909f56bfc062723c751e8b465ee728b)
Start importing Assets/PartyMonsterRumblePBR/Animation/ForAnimationLayer/Run01FWD_AnimLayer.fbx using Guid(46705087d065bfe4a8768838733e8646) Importer(815301076,1909f56bfc062723c751e8b465ee728b)  -> (artifact id: 'a44c5ad348bdbd86088487c3641085d3') in 0.044427 seconds 
========================================================================
Received Import Request.
  Time since last request: 0.000077 seconds.
  path: Assets/PartyMonsterRumblePBR/Animation/ForAnimationLayer/Run01Left_AnimLayer.fbx
  artifactKey: Guid(fe39b4b2eb50c0140b3b348fdff3b21b) Importer(815301076,1909f56bfc062723c751e8b465ee728b)
Start importing Assets/PartyMonsterRumblePBR/Animation/ForAnimationLayer/Run01Left_AnimLayer.fbx using Guid(fe39b4b2eb50c0140b3b348fdff3b21b) Importer(815301076,1909f56bfc062723c751e8b465ee728b)  -> (artifact id: '494b0bf4d69883c09d224e1618f4454e') in 0.047927 seconds 
========================================================================
Received Import Request.
  Time since last request: 0.000050 seconds.
  path: Assets/PartyMonsterRumblePBR/Animation/ForSaw/Slide_Saw.fbx
  artifactKey: Guid(7b765bc3f47219948a76b12d0810273b) Importer(815301076,1909f56bfc062723c751e8b465ee728b)
Start importing Assets/PartyMonsterRumblePBR/Animation/ForSaw/Slide_Saw.fbx using Guid(7b765bc3f47219948a76b12d0810273b) Importer(815301076,1909f56bfc062723c751e8b465ee728b)  -> (artifact id: '51dc6b745d00003ec9cdfb95de5eb2b3') in 0.044030 seconds 
========================================================================
Received Import Request.
  Time since last request: 0.000040 seconds.
  path: Assets/PartyMonsterRumblePBR/Animation/ForDrill/Attack02_Drill.fbx
  artifactKey: Guid(2d2b0400424598243b9766df2fafa46f) Importer(815301076,1909f56bfc062723c751e8b465ee728b)
Start importing Assets/PartyMonsterRumblePBR/Animation/ForDrill/Attack02_Drill.fbx using Guid(2d2b0400424598243b9766df2fafa46f) Importer(815301076,1909f56bfc062723c751e8b465ee728b)  -> (artifact id: '57739bcaf4df0b5e769021c96942bca8') in 0.078780 seconds 
========================================================================
Received Import Request.
  Time since last request: 0.000089 seconds.
  path: Assets/PartyMonsterRumblePBR/Animation/JumpStart.fbx
  artifactKey: Guid(45a1988b69fbfad46bc589d0058341b3) Importer(815301076,1909f56bfc062723c751e8b465ee728b)
Start importing Assets/PartyMonsterRumblePBR/Animation/JumpStart.fbx using Guid(45a1988b69fbfad46bc589d0058341b3) Importer(815301076,1909f56bfc062723c751e8b465ee728b)  -> (artifact id: 'a55370c7fe6afeb753ed38ce42e367f6') in 0.068978 seconds 
========================================================================
Received Import Request.
  Time since last request: 0.000570 seconds.
  path: Assets/PartyMonsterRumblePBR/Animation/Dance01.fbx
  artifactKey: Guid(54948340193221b4aa8e859e77a0d367) Importer(815301076,1909f56bfc062723c751e8b465ee728b)
Start importing Assets/PartyMonsterRumblePBR/Animation/Dance01.fbx using Guid(54948340193221b4aa8e859e77a0d367) Importer(815301076,1909f56bfc062723c751e8b465ee728b)  -> (artifact id: 'f9a23516b4bb55160b682e4c8f43d81f') in 0.074562 seconds 
========================================================================
Received Import Request.
  Time since last request: 0.000060 seconds.
  path: Assets/PartyMonsterRumblePBR/Animation/RootMotion/Run01BWD_RM.fbx
  artifactKey: Guid(6cbc10f6c6d7de343b0f8a493f244d39) Importer(815301076,1909f56bfc062723c751e8b465ee728b)
Start importing Assets/PartyMonsterRumblePBR/Animation/RootMotion/Run01BWD_RM.fbx using Guid(6cbc10f6c6d7de343b0f8a493f244d39) Importer(815301076,1909f56bfc062723c751e8b465ee728b)  -> (artifact id: '24140ac616dbc0b7598ab97c10bbd469') in 0.083544 seconds 
========================================================================
Received Import Request.
  Time since last request: 0.000036 seconds.
  path: Assets/PartyMonsterRumblePBR/Animation/RootMotion/Slide_RM.fbx
  artifactKey: Guid(6ecb6e9afe12bc54a9c020631c34acb5) Importer(815301076,1909f56bfc062723c751e8b465ee728b)
Start importing Assets/PartyMonsterRumblePBR/Animation/RootMotion/Slide_RM.fbx using Guid(6ecb6e9afe12bc54a9c020631c34acb5) Importer(815301076,1909f56bfc062723c751e8b465ee728b)  -> (artifact id: '48c7ba1cd43925d3b770de8c979af3b5') in 0.081392 seconds 
========================================================================
Received Import Request.
  Time since last request: 0.000046 seconds.
  path: Assets/PartyMonsterRumblePBR/Animation/ForDrill/SlideRM_Drill.fbx
  artifactKey: Guid(23dd9b04e9c15554a84b5f6832742427) Importer(815301076,1909f56bfc062723c751e8b465ee728b)
Start importing Assets/PartyMonsterRumblePBR/Animation/ForDrill/SlideRM_Drill.fbx using Guid(23dd9b04e9c15554a84b5f6832742427) Importer(815301076,1909f56bfc062723c751e8b465ee728b)  -> (artifact id: 'ed099bfee83005655a6db365b575a905') in 0.075318 seconds 
========================================================================
Received Import Request.
  Time since last request: 0.000064 seconds.
  path: Assets/PartyMonsterRumblePBR/Animation/Run01Right.fbx
  artifactKey: Guid(a2c550fd05297b64983d892530580f3f) Importer(815301076,1909f56bfc062723c751e8b465ee728b)
Start importing Assets/PartyMonsterRumblePBR/Animation/Run01Right.fbx using Guid(a2c550fd05297b64983d892530580f3f) Importer(815301076,1909f56bfc062723c751e8b465ee728b)  -> (artifact id: '04d34774058d241eac06acfde87fdcfb') in 0.056582 seconds 
========================================================================
Received Import Request.
  Time since last request: 22.341370 seconds.
  path: Assets/PartyMonsterRumblePBR/Prefab/C02.prefab
  artifactKey: Guid(5de81f6866c59ec40933b8d05648a2e2) Importer(815301076,1909f56bfc062723c751e8b465ee728b)
Start importing Assets/PartyMonsterRumblePBR/Prefab/C02.prefab using Guid(5de81f6866c59ec40933b8d05648a2e2) Importer(815301076,1909f56bfc062723c751e8b465ee728b)  -> (artifact id: 'a63aa6e8ed7c693f192ec7bf4bceed79') in 0.124571 seconds 
========================================================================
Received Import Request.
  Time since last request: 0.000031 seconds.
  path: Assets/PartyMonsterRumblePBR/Prefab/MaskTint05.prefab
  artifactKey: Guid(c3d800f81d2989d4a9a9dc8bb15f52a7) Importer(815301076,1909f56bfc062723c751e8b465ee728b)
Start importing Assets/PartyMonsterRumblePBR/Prefab/MaskTint05.prefab using Guid(c3d800f81d2989d4a9a9dc8bb15f52a7) Importer(815301076,1909f56bfc062723c751e8b465ee728b)  -> (artifact id: '8abe45aa1d2b6b7d31c540fc3110a8ef') in 0.126515 seconds 
========================================================================
Received Import Request.
  Time since last request: 0.000064 seconds.
  path: Assets/PartyMonsterRumblePBR/Prefab/MaskTint04.prefab
  artifactKey: Guid(529e55a62af747e4cbd8173af1892373) Importer(815301076,1909f56bfc062723c751e8b465ee728b)
Start importing Assets/PartyMonsterRumblePBR/Prefab/MaskTint04.prefab using Guid(529e55a62af747e4cbd8173af1892373) Importer(815301076,1909f56bfc062723c751e8b465ee728b)  -> (artifact id: 'feceaf8135a0528b620737604cfacf3f') in 0.119811 seconds 
========================================================================
Received Import Request.
  Time since last request: 0.000066 seconds.
  path: Assets/PartyMonsterRumblePBR/Prefab/C13.prefab
  artifactKey: Guid(0673e8c1409b9ae488cee8e3ae150657) Importer(815301076,1909f56bfc062723c751e8b465ee728b)
Start importing Assets/PartyMonsterRumblePBR/Prefab/C13.prefab using Guid(0673e8c1409b9ae488cee8e3ae150657) Importer(815301076,1909f56bfc062723c751e8b465ee728b)  -> (artifact id: 'dd316ca1f5bbb947d9bfd04cb93a78de') in 0.100761 seconds 
========================================================================
Received Import Request.
  Time since last request: 0.000032 seconds.
  path: Assets/PartyMonsterRumblePBR/Prefab/C19.prefab
  artifactKey: Guid(21cf2eff93628c74790d5f20a4948ebd) Importer(815301076,1909f56bfc062723c751e8b465ee728b)
Start importing Assets/PartyMonsterRumblePBR/Prefab/C19.prefab using Guid(21cf2eff93628c74790d5f20a4948ebd) Importer(815301076,1909f56bfc062723c751e8b465ee728b)  -> (artifact id: '0e9b80977c577a12716c14b78ff82972') in 0.103482 seconds 
========================================================================
Received Import Request.
  Time since last request: 0.000049 seconds.
  path: Assets/PartyMonsterRumblePBR/Prefab/C22.prefab
  artifactKey: Guid(07dfd2411454d6648ae4ae29236eeb1e) Importer(815301076,1909f56bfc062723c751e8b465ee728b)
Start importing Assets/PartyMonsterRumblePBR/Prefab/C22.prefab using Guid(07dfd2411454d6648ae4ae29236eeb1e) Importer(815301076,1909f56bfc062723c751e8b465ee728b)  -> (artifact id: 'd9495324c984705ea1934be364d7295d') in 0.103369 seconds 
========================================================================
Received Import Request.
  Time since last request: 0.000044 seconds.
  path: Assets/PartyMonsterRumblePBR/Prefab/C24.prefab
  artifactKey: Guid(45c746085b3fa53469bb951f6f9d718e) Importer(815301076,1909f56bfc062723c751e8b465ee728b)
Start importing Assets/PartyMonsterRumblePBR/Prefab/C24.prefab using Guid(45c746085b3fa53469bb951f6f9d718e) Importer(815301076,1909f56bfc062723c751e8b465ee728b)  -> (artifact id: '364ed830e063224130c616a4a77ba20d') in 0.101420 seconds 
========================================================================
Received Import Request.
  Time since last request: 0.000048 seconds.
  path: Assets/PartyMonsterRumblePBR/Prefab/C04.prefab
  artifactKey: Guid(aff7b1dba226fe446807229ac2e1adf4) Importer(815301076,1909f56bfc062723c751e8b465ee728b)
Start importing Assets/PartyMonsterRumblePBR/Prefab/C04.prefab using Guid(aff7b1dba226fe446807229ac2e1adf4) Importer(815301076,1909f56bfc062723c751e8b465ee728b)  -> (artifact id: '17b6c1fa8d0d6beee25acee0ab0e7b4d') in 0.099164 seconds 
========================================================================
Received Import Request.
  Time since last request: 0.000050 seconds.
  path: Assets/PartyMonsterRumblePBR/Prefab/C11.prefab
  artifactKey: Guid(04b57297d1b250546abfb2904cf89723) Importer(815301076,1909f56bfc062723c751e8b465ee728b)
Start importing Assets/PartyMonsterRumblePBR/Prefab/C11.prefab using Guid(04b57297d1b250546abfb2904cf89723) Importer(815301076,1909f56bfc062723c751e8b465ee728b)  -> (artifact id: 'b3ac2a0162bcb48f78c9b7666da4cfc3') in 0.110259 seconds 
========================================================================
Received Import Request.
  Time since last request: 0.000031 seconds.
  path: Assets/PartyMonsterRumblePBR/Prefab/C09.prefab
  artifactKey: Guid(b5c6655b7ef263e49aa5b97dacb90371) Importer(815301076,1909f56bfc062723c751e8b465ee728b)
Start importing Assets/PartyMonsterRumblePBR/Prefab/C09.prefab using Guid(b5c6655b7ef263e49aa5b97dacb90371) Importer(815301076,1909f56bfc062723c751e8b465ee728b)  -> (artifact id: 'd6ee5df2eae1c446179726f8182e3094') in 0.099825 seconds 
========================================================================
Received Import Request.
  Time since last request: 0.000059 seconds.
  path: Assets/PartyMonsterRumblePBR/Prefab/C21.prefab
  artifactKey: Guid(180ca9c4b9ccf8a4c96a4a72248d8e99) Importer(815301076,1909f56bfc062723c751e8b465ee728b)
Start importing Assets/PartyMonsterRumblePBR/Prefab/C21.prefab using Guid(180ca9c4b9ccf8a4c96a4a72248d8e99) Importer(815301076,1909f56bfc062723c751e8b465ee728b)  -> (artifact id: '3ceb4b173fee6b6ccc9b8b2ac2604fb9') in 0.104197 seconds 
========================================================================
Received Import Request.
  Time since last request: 0.000044 seconds.
  path: Assets/PartyMonsterRumblePBR/Prefab/MaskTint06.prefab
  artifactKey: Guid(f095edf829b1a4d43b6cd7a2cd029a25) Importer(815301076,1909f56bfc062723c751e8b465ee728b)
Start importing Assets/PartyMonsterRumblePBR/Prefab/MaskTint06.prefab using Guid(f095edf829b1a4d43b6cd7a2cd029a25) Importer(815301076,1909f56bfc062723c751e8b465ee728b)  -> (artifact id: 'b05a32a43344d37fd8c646109ed81bd0') in 0.106203 seconds 
========================================================================
Received Import Request.
  Time since last request: 0.000027 seconds.
  path: Assets/PartyMonsterRumblePBR/Prefab/MaskTint01.prefab
  artifactKey: Guid(839390f2c1062e0409befe94ee1b7609) Importer(815301076,1909f56bfc062723c751e8b465ee728b)
Start importing Assets/PartyMonsterRumblePBR/Prefab/MaskTint01.prefab using Guid(839390f2c1062e0409befe94ee1b7609) Importer(815301076,1909f56bfc062723c751e8b465ee728b)  -> (artifact id: 'd254fd368cb9f5eb30df375c0ab38c3e') in 0.101733 seconds 
========================================================================
Received Import Request.
  Time since last request: 0.000023 seconds.
  path: Assets/PartyMonsterRumblePBR/Prefab/C23.prefab
  artifactKey: Guid(65dbe5d29703bd044a4405a68eb042bb) Importer(815301076,1909f56bfc062723c751e8b465ee728b)
Start importing Assets/PartyMonsterRumblePBR/Prefab/C23.prefab using Guid(65dbe5d29703bd044a4405a68eb042bb) Importer(815301076,1909f56bfc062723c751e8b465ee728b)  -> (artifact id: '33f03f95d2eb1dae9f883333e5c65aa1') in 0.101309 seconds 
========================================================================
Received Import Request.
  Time since last request: 0.000036 seconds.
  path: Assets/PartyMonsterRumblePBR/Prefab/C03.prefab
  artifactKey: Guid(e4bcb89f82d9e1448a9ec823e4d57525) Importer(815301076,1909f56bfc062723c751e8b465ee728b)
Start importing Assets/PartyMonsterRumblePBR/Prefab/C03.prefab using Guid(e4bcb89f82d9e1448a9ec823e4d57525) Importer(815301076,1909f56bfc062723c751e8b465ee728b)  -> (artifact id: '08b7ed0e6513ad13e2de8caf8473ea77') in 0.102985 seconds 
========================================================================
Received Import Request.
  Time since last request: 0.000036 seconds.
  path: Assets/PartyMonsterRumblePBR/Prefab/MaskTint03.prefab
  artifactKey: Guid(45e60c8fcdca5914fa563aa8c8ba73a9) Importer(815301076,1909f56bfc062723c751e8b465ee728b)
Start importing Assets/PartyMonsterRumblePBR/Prefab/MaskTint03.prefab using Guid(45e60c8fcdca5914fa563aa8c8ba73a9) Importer(815301076,1909f56bfc062723c751e8b465ee728b)  -> (artifact id: 'e7e91886a931af69f448e4bcb70b76cb') in 0.102597 seconds 
========================================================================
Received Import Request.
  Time since last request: 0.000034 seconds.
  path: Assets/PartyMonsterRumblePBR/Prefab/C16.prefab
  artifactKey: Guid(1da5eddc4d17e12428c8bfc37a8dd037) Importer(815301076,1909f56bfc062723c751e8b465ee728b)
Start importing Assets/PartyMonsterRumblePBR/Prefab/C16.prefab using Guid(1da5eddc4d17e12428c8bfc37a8dd037) Importer(815301076,1909f56bfc062723c751e8b465ee728b)  -> (artifact id: 'b25f2c586294271cc3eec8b85e06eb18') in 0.102933 seconds 
========================================================================
Received Import Request.
  Time since last request: 0.000040 seconds.
  path: Assets/PartyMonsterRumblePBR/Prefab/C28.prefab
  artifactKey: Guid(ed6c12450e0eca54ab7cdfa8c6f171dc) Importer(815301076,1909f56bfc062723c751e8b465ee728b)
Start importing Assets/PartyMonsterRumblePBR/Prefab/C28.prefab using Guid(ed6c12450e0eca54ab7cdfa8c6f171dc) Importer(815301076,1909f56bfc062723c751e8b465ee728b)  -> (artifact id: '059d51b663b12ed73136acae13c48e69') in 0.099244 seconds 
========================================================================
Received Prepare
Registering precompiled user dll's ...
Registered in 0.007634 seconds.
Begin MonoManager ReloadAssembly
Symbol file LoadedFromMemory doesn't match image C:\Users\tegel\Documents\GitHub\Workshop1\My project\Library\PackageCache\com.unity.visualscripting@1.7.8\Editor\VisualScripting.Core\Dependencies\YamlDotNet\Unity.VisualScripting.YamlDotNet.dll
Symbol file LoadedFromMemory doesn't match image C:\Users\tegel\Documents\GitHub\Workshop1\My project\Library\PackageCache\com.unity.visualscripting@1.7.8\Editor\VisualScripting.Core\Dependencies\DotNetZip\Unity.VisualScripting.IonicZip.dll
Native extension for WindowsStandalone target not found
Native extension for WebGL target not found
Refreshing native plugins compatible for Editor in 1.14 ms, found 3 plugins.
Preloading 0 native plugins for Editor in 0.00 ms.
Mono: successfully reloaded assembly
- Completed reload, in  1.455 seconds
Domain Reload Profiling:
	ReloadAssembly (1456ms)
		BeginReloadAssembly (171ms)
			ExecutionOrderSort (0ms)
			DisableScriptedObjects (5ms)
			BackupInstance (0ms)
			ReleaseScriptingObjects (0ms)
			CreateAndSetChildDomain (46ms)
		EndReloadAssembly (1163ms)
			LoadAssemblies (119ms)
			RebuildTransferFunctionScriptingTraits (0ms)
			SetupTypeCache (363ms)
			ReleaseScriptCaches (2ms)
			RebuildScriptCaches (63ms)
			SetupLoadedEditorAssemblies (488ms)
				LogAssemblyErrors (0ms)
				InitializePlatformSupportModulesInManaged (23ms)
				SetLoadedEditorAssemblies (1ms)
				RefreshPlugins (1ms)
				BeforeProcessingInitializeOnLoad (90ms)
				ProcessInitializeOnLoadAttributes (319ms)
				ProcessInitializeOnLoadMethodAttributes (38ms)
				AfterProcessingInitializeOnLoad (16ms)
				EditorAssembliesLoaded (0ms)
			ExecutionOrderSort2 (0ms)
			AwakeInstancesAfterBackupRestoration (16ms)
Platform modules already initialized, skipping
Refreshing native plugins compatible for Editor in 4.14 ms, found 3 plugins.
Preloading 0 native plugins for Editor in 0.00 ms.
Unloading 3226 Unused Serialized files (Serialized files now loaded: 0)
Unloading 17 unused Assets / (24.7 KB). Loaded Objects now: 3763.
Memory consumption went from 143.8 MB to 143.8 MB.
Total: 4.363700 ms (FindLiveObjects: 0.280500 ms CreateObjectMapping: 0.171700 ms MarkObjects: 3.869800 ms  DeleteObjects: 0.040600 ms)

AssetImportParameters requested are different than current active one (requested -> active):
  custom:video-decoder-ogg-theora: a1e56fd34408186e4bbccfd4996cb3dc -> 
  custom:container-muxer-webm: aa71ff27fc2769a1b78a27578f13a17b -> 
  custom:container-demuxer-webm: 4f35f7cbe854078d1ac9338744f61a02 -> 
  custom:video-encoder-webm-vp8: eb34c28f22e8b96e1ab97ce403110664 -> 
  custom:audio-encoder-webm-vorbis: bf7c407c2cedff20999df2af8eb42d56 -> 
  custom:framework-win-MediaFoundation: 216162199b28c13a410421893ffa2e32 -> 
  custom:container-demuxer-ogg: 62fdf1f143b41e24485cea50d1cbac27 -> 
  custom:video-decoder-webm-vp8: 9c59270c3fd7afecdb556c50c9e8de78 -> 
  custom:audio-decoder-ogg-vorbis: bf7c407c2cedff20999df2af8eb42d56 -> 
========================================================================
Received Prepare
Registering precompiled user dll's ...
Registered in 0.007623 seconds.
Begin MonoManager ReloadAssembly
Symbol file LoadedFromMemory doesn't match image C:\Users\tegel\Documents\GitHub\Workshop1\My project\Library\PackageCache\com.unity.visualscripting@1.7.8\Editor\VisualScripting.Core\Dependencies\YamlDotNet\Unity.VisualScripting.YamlDotNet.dll
Symbol file LoadedFromMemory doesn't match image C:\Users\tegel\Documents\GitHub\Workshop1\My project\Library\PackageCache\com.unity.visualscripting@1.7.8\Editor\VisualScripting.Core\Dependencies\DotNetZip\Unity.VisualScripting.IonicZip.dll
Native extension for WindowsStandalone target not found
Native extension for WebGL target not found
Refreshing native plugins compatible for Editor in 0.93 ms, found 3 plugins.
Preloading 0 native plugins for Editor in 0.00 ms.
Mono: successfully reloaded assembly
- Completed reload, in  1.537 seconds
Domain Reload Profiling:
	ReloadAssembly (1538ms)
		BeginReloadAssembly (172ms)
			ExecutionOrderSort (0ms)
			DisableScriptedObjects (7ms)
			BackupInstance (0ms)
			ReleaseScriptingObjects (0ms)
			CreateAndSetChildDomain (44ms)
		EndReloadAssembly (1170ms)
			LoadAssemblies (127ms)
			RebuildTransferFunctionScriptingTraits (0ms)
			SetupTypeCache (366ms)
			ReleaseScriptCaches (1ms)
			RebuildScriptCaches (72ms)
			SetupLoadedEditorAssemblies (542ms)
				LogAssemblyErrors (0ms)
				InitializePlatformSupportModulesInManaged (26ms)
				SetLoadedEditorAssemblies (1ms)
				RefreshPlugins (1ms)
				BeforeProcessingInitializeOnLoad (91ms)
				ProcessInitializeOnLoadAttributes (370ms)
				ProcessInitializeOnLoadMethodAttributes (38ms)
				AfterProcessingInitializeOnLoad (15ms)
				EditorAssembliesLoaded (0ms)
			ExecutionOrderSort2 (0ms)
			AwakeInstancesAfterBackupRestoration (14ms)
Platform modules already initialized, skipping
Refreshing native plugins compatible for Editor in 2.73 ms, found 3 plugins.
Preloading 0 native plugins for Editor in 0.00 ms.
Unloading 3226 Unused Serialized files (Serialized files now loaded: 0)
Unloading 17 unused Assets / (24.7 KB). Loaded Objects now: 3766.
Memory consumption went from 143.8 MB to 143.8 MB.
Total: 4.787900 ms (FindLiveObjects: 0.540500 ms CreateObjectMapping: 0.644200 ms MarkObjects: 3.562800 ms  DeleteObjects: 0.039200 ms)

AssetImportParameters requested are different than current active one (requested -> active):
  custom:video-decoder-ogg-theora: a1e56fd34408186e4bbccfd4996cb3dc -> 
  custom:container-muxer-webm: aa71ff27fc2769a1b78a27578f13a17b -> 
  custom:container-demuxer-webm: 4f35f7cbe854078d1ac9338744f61a02 -> 
  custom:video-encoder-webm-vp8: eb34c28f22e8b96e1ab97ce403110664 -> 
  custom:audio-encoder-webm-vorbis: bf7c407c2cedff20999df2af8eb42d56 -> 
  custom:framework-win-MediaFoundation: 216162199b28c13a410421893ffa2e32 -> 
  custom:container-demuxer-ogg: 62fdf1f143b41e24485cea50d1cbac27 -> 
  custom:video-decoder-webm-vp8: 9c59270c3fd7afecdb556c50c9e8de78 -> 
  custom:audio-decoder-ogg-vorbis: bf7c407c2cedff20999df2af8eb42d56 -> 
========================================================================
Received Prepare
Registering precompiled user dll's ...
Registered in 0.007111 seconds.
Begin MonoManager ReloadAssembly
Symbol file LoadedFromMemory doesn't match image C:\Users\tegel\Documents\GitHub\Workshop1\My project\Library\PackageCache\com.unity.visualscripting@1.7.8\Editor\VisualScripting.Core\Dependencies\YamlDotNet\Unity.VisualScripting.YamlDotNet.dll
Symbol file LoadedFromMemory doesn't match image C:\Users\tegel\Documents\GitHub\Workshop1\My project\Library\PackageCache\com.unity.visualscripting@1.7.8\Editor\VisualScripting.Core\Dependencies\DotNetZip\Unity.VisualScripting.IonicZip.dll
Native extension for WindowsStandalone target not found
Native extension for WebGL target not found
Refreshing native plugins compatible for Editor in 1.08 ms, found 3 plugins.
Preloading 0 native plugins for Editor in 0.00 ms.
Mono: successfully reloaded assembly
- Completed reload, in  1.479 seconds
Domain Reload Profiling:
	ReloadAssembly (1479ms)
		BeginReloadAssembly (181ms)
			ExecutionOrderSort (0ms)
			DisableScriptedObjects (7ms)
			BackupInstance (0ms)
			ReleaseScriptingObjects (0ms)
			CreateAndSetChildDomain (47ms)
		EndReloadAssembly (1180ms)
			LoadAssemblies (121ms)
			RebuildTransferFunctionScriptingTraits (0ms)
			SetupTypeCache (386ms)
			ReleaseScriptCaches (4ms)
			RebuildScriptCaches (77ms)
			SetupLoadedEditorAssemblies (525ms)
				LogAssemblyErrors (0ms)
				InitializePlatformSupportModulesInManaged (22ms)
				SetLoadedEditorAssemblies (1ms)
				RefreshPlugins (1ms)
				BeforeProcessingInitializeOnLoad (98ms)
				ProcessInitializeOnLoadAttributes (351ms)
				ProcessInitializeOnLoadMethodAttributes (38ms)
				AfterProcessingInitializeOnLoad (14ms)
				EditorAssembliesLoaded (0ms)
			ExecutionOrderSort2 (0ms)
			AwakeInstancesAfterBackupRestoration (13ms)
Platform modules already initialized, skipping
Refreshing native plugins compatible for Editor in 3.70 ms, found 3 plugins.
Preloading 0 native plugins for Editor in 0.00 ms.
Unloading 3226 Unused Serialized files (Serialized files now loaded: 0)
Unloading 17 unused Assets / (24.6 KB). Loaded Objects now: 3769.
Memory consumption went from 143.8 MB to 143.8 MB.
Total: 5.522700 ms (FindLiveObjects: 0.446600 ms CreateObjectMapping: 1.315400 ms MarkObjects: 3.683500 ms  DeleteObjects: 0.074500 ms)

AssetImportParameters requested are different than current active one (requested -> active):
  custom:video-decoder-ogg-theora: a1e56fd34408186e4bbccfd4996cb3dc -> 
  custom:container-muxer-webm: aa71ff27fc2769a1b78a27578f13a17b -> 
  custom:container-demuxer-webm: 4f35f7cbe854078d1ac9338744f61a02 -> 
  custom:video-encoder-webm-vp8: eb34c28f22e8b96e1ab97ce403110664 -> 
  custom:audio-encoder-webm-vorbis: bf7c407c2cedff20999df2af8eb42d56 -> 
  custom:framework-win-MediaFoundation: 216162199b28c13a410421893ffa2e32 -> 
  custom:container-demuxer-ogg: 62fdf1f143b41e24485cea50d1cbac27 -> 
  custom:video-decoder-webm-vp8: 9c59270c3fd7afecdb556c50c9e8de78 -> 
  custom:audio-decoder-ogg-vorbis: bf7c407c2cedff20999df2af8eb42d56 -> 
========================================================================
Received Prepare
Registering precompiled user dll's ...
Registered in 0.007478 seconds.
Begin MonoManager ReloadAssembly
Symbol file LoadedFromMemory doesn't match image C:\Users\tegel\Documents\GitHub\Workshop1\My project\Library\PackageCache\com.unity.visualscripting@1.7.8\Editor\VisualScripting.Core\Dependencies\YamlDotNet\Unity.VisualScripting.YamlDotNet.dll
Symbol file LoadedFromMemory doesn't match image C:\Users\tegel\Documents\GitHub\Workshop1\My project\Library\PackageCache\com.unity.visualscripting@1.7.8\Editor\VisualScripting.Core\Dependencies\DotNetZip\Unity.VisualScripting.IonicZip.dll
Native extension for WindowsStandalone target not found
Native extension for WebGL target not found
Refreshing native plugins compatible for Editor in 0.91 ms, found 3 plugins.
Preloading 0 native plugins for Editor in 0.00 ms.
Mono: successfully reloaded assembly
- Completed reload, in  1.426 seconds
Domain Reload Profiling:
	ReloadAssembly (1427ms)
		BeginReloadAssembly (179ms)
			ExecutionOrderSort (0ms)
			DisableScriptedObjects (8ms)
			BackupInstance (0ms)
			ReleaseScriptingObjects (0ms)
			CreateAndSetChildDomain (49ms)
		EndReloadAssembly (1126ms)
			LoadAssemblies (124ms)
			RebuildTransferFunctionScriptingTraits (0ms)
			SetupTypeCache (348ms)
			ReleaseScriptCaches (2ms)
			RebuildScriptCaches (66ms)
			SetupLoadedEditorAssemblies (521ms)
				LogAssemblyErrors (0ms)
				InitializePlatformSupportModulesInManaged (23ms)
				SetLoadedEditorAssemblies (1ms)
				RefreshPlugins (1ms)
				BeforeProcessingInitializeOnLoad (104ms)
				ProcessInitializeOnLoadAttributes (328ms)
				ProcessInitializeOnLoadMethodAttributes (47ms)
				AfterProcessingInitializeOnLoad (17ms)
				EditorAssembliesLoaded (0ms)
			ExecutionOrderSort2 (0ms)
			AwakeInstancesAfterBackupRestoration (13ms)
Platform modules already initialized, skipping
Refreshing native plugins compatible for Editor in 4.03 ms, found 3 plugins.
Preloading 0 native plugins for Editor in 0.00 ms.
Unloading 3226 Unused Serialized files (Serialized files now loaded: 0)
Unloading 17 unused Assets / (24.6 KB). Loaded Objects now: 3772.
Memory consumption went from 143.8 MB to 143.8 MB.
Total: 7.128400 ms (FindLiveObjects: 0.894800 ms CreateObjectMapping: 1.397200 ms MarkObjects: 4.804200 ms  DeleteObjects: 0.030100 ms)

AssetImportParameters requested are different than current active one (requested -> active):
  custom:video-decoder-ogg-theora: a1e56fd34408186e4bbccfd4996cb3dc -> 
  custom:container-muxer-webm: aa71ff27fc2769a1b78a27578f13a17b -> 
  custom:container-demuxer-webm: 4f35f7cbe854078d1ac9338744f61a02 -> 
  custom:video-encoder-webm-vp8: eb34c28f22e8b96e1ab97ce403110664 -> 
  custom:audio-encoder-webm-vorbis: bf7c407c2cedff20999df2af8eb42d56 -> 
  custom:framework-win-MediaFoundation: 216162199b28c13a410421893ffa2e32 -> 
  custom:container-demuxer-ogg: 62fdf1f143b41e24485cea50d1cbac27 -> 
  custom:video-decoder-webm-vp8: 9c59270c3fd7afecdb556c50c9e8de78 -> 
  custom:audio-decoder-ogg-vorbis: bf7c407c2cedff20999df2af8eb42d56 -> 
